#
# There is insufficient memory for the Java Runtime Environment to continue.
# Native memory allocation (mmap) failed to map 65536 bytes for Failed to commit metaspace.
# Possible reasons:
#   The system is out of physical RAM or swap space
#   The process is running with CompressedOops enabled, and the Java Heap may be blocking the growth of the native heap
# Possible solutions:
#   Reduce memory load on the system
#   Increase physical memory or swap space
#   Check if swap backing store is full
#   Decrease Java heap size (-Xmx/-Xms)
#   Decrease number of Java threads
#   Decrease Java thread stack sizes (-Xss)
#   Set larger code cache with -XX:ReservedCodeCacheSize=
#   JVM is running with Unscaled Compressed Oops mode in which the Java heap is
#     placed in the first 4GB address space. The Java Heap base address is the
#     maximum limit for the native heap growth. Please use -XX:HeapBaseMinAddress
#     to set the Java Heap base and to place the Java Heap above 4GB virtual address.
# This output file may be truncated or incomplete.
#
#  Out of Memory Error (virtualSpaceNode.cpp:110), pid=12052, tid=17208
#
# JRE version: OpenJDK Runtime Environment Temurin-17.0.6+10 (17.0.6+10) (build 17.0.6+10)
# Java VM: OpenJDK 64-Bit Server VM Temurin-17.0.6+10 (17.0.6+10, mixed mode, tiered, compressed oops, compressed class ptrs, parallel gc, windows-amd64)
# No core dump will be written. Minidumps are not enabled by default on client versions of Windows
#

---------------  S U M M A R Y ------------

Command Line: --add-modules=ALL-SYSTEM --add-opens=java.base/java.util=ALL-UNNAMED --add-opens=java.base/java.lang=ALL-UNNAMED --add-opens=java.base/sun.nio.fs=ALL-UNNAMED -Declipse.application=org.eclipse.jdt.ls.core.id1 -Dosgi.bundles.defaultStartLevel=4 -Declipse.product=org.eclipse.jdt.ls.core.product -Djava.import.generatesMetadataFilesAtProjectRoot=false -Dfile.encoding=utf8 -XX:+UseParallelGC -XX:GCTimeRatio=4 -XX:AdaptiveSizePolicyWeight=90 -Dsun.zip.disableMemoryMapping=true -Xmx1G -Xms100m -Xlog:disable -javaagent:c:\Users\Mateuszin DECRIA\.vscode\extensions\redhat.java-1.16.0-win32-x64\lombok\lombok-1.18.24.jar -XX:+HeapDumpOnOutOfMemoryError -XX:HeapDumpPath=c:\Users\Mateuszin DECRIA\AppData\Roaming\Code\User\workspaceStorage\fcd16503787e29a287fb73595fca1e63\redhat.java c:\Users\Mateuszin DECRIA\.vscode\extensions\redhat.java-1.16.0-win32-x64\server\plugins\org.eclipse.equinox.launcher_1.6.400.v20210924-0641.jar -configuration c:\Users\Mateuszin DECRIA\AppData\Roaming\Code\User\globalStorage\redhat.java\1.16.0\config_win -data c:\Users\Mateuszin DECRIA\AppData\Roaming\Code\User\workspaceStorage\fcd16503787e29a287fb73595fca1e63\redhat.java\jdt_ws

Host: AMD Ryzen 5 5500U with Radeon Graphics         , 12 cores, 5G,  Windows 11 , 64 bit Build 22621 (10.0.22621.5415)
Time: Wed Jul  2 22:23:38 2025 Hora oficial do Brasil elapsed time: 1.377301 seconds (0d 0h 0m 1s)

---------------  T H R E A D  ---------------

Current thread (0x0000016f089967b0):  JavaThread "main" [_thread_in_vm, id=17208, stack(0x0000001858600000,0x0000001858700000)]

Stack: [0x0000001858600000,0x0000001858700000]
Native frames: (J=compiled Java code, j=interpreted, Vv=VM code, C=native code)
V  [jvm.dll+0x67741a]
V  [jvm.dll+0x834434]
V  [jvm.dll+0x835bde]
V  [jvm.dll+0x836243]
V  [jvm.dll+0x2457b5]
V  [jvm.dll+0x8304cb]
V  [jvm.dll+0x61bca6]
V  [jvm.dll+0x1c05fe]
V  [jvm.dll+0x61e5f1]
V  [jvm.dll+0x61c646]
V  [jvm.dll+0x36b462]
V  [jvm.dll+0x1e20cb]
V  [jvm.dll+0x53c6f9]
V  [jvm.dll+0x7af5e8]
V  [jvm.dll+0x7af6d4]
V  [jvm.dll+0x40bc05]
V  [jvm.dll+0x411d58]
C  [java.dll+0x17ec]

Java frames: (J=compiled Java code, j=interpreted, Vv=VM code)
J 1056  java.lang.ClassLoader.defineClass1(Ljava/lang/ClassLoader;Ljava/lang/String;[BIILjava/security/ProtectionDomain;Ljava/lang/String;)Ljava/lang/Class; java.base@17.0.6 (0 bytes) @ 0x0000016f13125a5b [0x0000016f131259a0+0x00000000000000bb]
j  java.lang.System$2.defineClass(Ljava/lang/ClassLoader;Ljava/lang/String;[BLjava/security/ProtectionDomain;Ljava/lang/String;)Ljava/lang/Class;+10 java.base@17.0.6
j  jdk.internal.reflect.ClassDefiner.defineClass(Ljava/lang/String;[BIILjava/lang/ClassLoader;)Ljava/lang/Class;+27 java.base@17.0.6
j  jdk.internal.reflect.MethodAccessorGenerator$1.run()Ljdk/internal/reflect/MagicAccessorImpl;+21 java.base@17.0.6
j  jdk.internal.reflect.MethodAccessorGenerator$1.run()Ljava/lang/Object;+1 java.base@17.0.6
j  java.security.AccessController.executePrivileged(Ljava/security/PrivilegedAction;Ljava/security/AccessControlContext;Ljava/lang/Class;)Ljava/lang/Object;+29 java.base@17.0.6
j  java.security.AccessController.doPrivileged(Ljava/security/PrivilegedAction;)Ljava/lang/Object;+5 java.base@17.0.6
j  jdk.internal.reflect.MethodAccessorGenerator.generate(Ljava/lang/Class;Ljava/lang/String;[Ljava/lang/Class;Ljava/lang/Class;[Ljava/lang/Class;IZZLjava/lang/Class;)Ljdk/internal/reflect/MagicAccessorImpl;+755 java.base@17.0.6
j  jdk.internal.reflect.MethodAccessorGenerator.generateConstructor(Ljava/lang/Class;[Ljava/lang/Class;[Ljava/lang/Class;I)Ljdk/internal/reflect/ConstructorAccessor;+14 java.base@17.0.6
j  jdk.internal.reflect.NativeConstructorAccessorImpl.newInstance([Ljava/lang/Object;)Ljava/lang/Object;+87 java.base@17.0.6
J 866 c1 jdk.internal.reflect.DelegatingConstructorAccessorImpl.newInstance([Ljava/lang/Object;)Ljava/lang/Object; java.base@17.0.6 (9 bytes) @ 0x0000016f0b76053c [0x0000016f0b760440+0x00000000000000fc]
J 864 c1 java.lang.reflect.Constructor.newInstanceWithCaller([Ljava/lang/Object;ZLjava/lang/Class;)Ljava/lang/Object; java.base@17.0.6 (76 bytes) @ 0x0000016f0b75f5cc [0x0000016f0b75f380+0x000000000000024c]
J 1134 c1 java.security.Provider$Service.newInstanceUtil(Ljava/lang/Class;Ljava/lang/Object;)Ljava/lang/Object; java.base@17.0.6 (60 bytes) @ 0x0000016f0b7eefa4 [0x0000016f0b7eed60+0x0000000000000244]
J 1133 c1 java.security.Provider$Service.newInstance(Ljava/lang/Object;)Ljava/lang/Object; java.base@17.0.6 (365 bytes) @ 0x0000016f0b7eb89c [0x0000016f0b7ea620+0x000000000000127c]
J 1143 c1 sun.security.jca.GetInstance.getInstance(Ljava/security/Provider$Service;Ljava/lang/Class;)Lsun/security/jca/GetInstance$Instance; java.base@17.0.6 (28 bytes) @ 0x0000016f0b7f395c [0x0000016f0b7f38e0+0x000000000000007c]
j  sun.security.jca.GetInstance.getInstance(Ljava/lang/String;Ljava/lang/Class;Ljava/lang/String;)Lsun/security/jca/GetInstance$Instance;+56 java.base@17.0.6
j  java.security.cert.CertificateFactory.getInstance(Ljava/lang/String;)Ljava/security/cert/CertificateFactory;+12 java.base@17.0.6
j  sun.security.pkcs.SignerInfo.getTimestamp()Ljava/security/Timestamp;+81 java.base@17.0.6
j  sun.security.pkcs.SignerInfo.verify(Lsun/security/pkcs/PKCS7;[B)Lsun/security/pkcs/SignerInfo;+3 java.base@17.0.6
j  sun.security.pkcs.PKCS7.verify(Lsun/security/pkcs/SignerInfo;[B)Lsun/security/pkcs/SignerInfo;+3 java.base@17.0.6
j  sun.security.pkcs.PKCS7.verify([B)[Lsun/security/pkcs/SignerInfo;+27 java.base@17.0.6
j  sun.security.util.SignatureFileVerifier.processImpl(Ljava/util/Hashtable;Ljava/util/List;Ljava/lang/String;)V+63 java.base@17.0.6
j  sun.security.util.SignatureFileVerifier.process(Ljava/util/Hashtable;Ljava/util/List;Ljava/lang/String;)V+12 java.base@17.0.6
J 1363 c1 java.util.jar.JarVerifier.processEntry(Lsun/security/util/ManifestEntryVerifier;)V java.base@17.0.6 (440 bytes) @ 0x0000016f0b850524 [0x0000016f0b84e760+0x0000000000001dc4]
J 820 c1 java.util.jar.JarVerifier.update(I[BIILsun/security/util/ManifestEntryVerifier;)V java.base@17.0.6 (43 bytes) @ 0x0000016f0b743504 [0x0000016f0b7432e0+0x0000000000000224]
j  java.util.jar.JarFile.initializeVerifier()V+163 java.base@17.0.6
j  java.util.jar.JarFile.ensureInitialization()V+41 java.base@17.0.6
J 1322 c1 java.net.URLClassLoader.defineClass(Ljava/lang/String;Ljdk/internal/loader/Resource;)Ljava/lang/Class; java.base@17.0.6 (225 bytes) @ 0x0000016f0b838a7c [0x0000016f0b8382c0+0x00000000000007bc]
j  java.net.URLClassLoader$1.run()Ljava/lang/Class;+43 java.base@17.0.6
J 1318 c1 java.net.URLClassLoader$1.run()Ljava/lang/Object; java.base@17.0.6 (5 bytes) @ 0x0000016f0b8378c4 [0x0000016f0b837840+0x0000000000000084]
J 1237 c1 java.security.AccessController.executePrivileged(Ljava/security/PrivilegedExceptionAction;Ljava/security/AccessControlContext;Ljava/lang/Class;)Ljava/lang/Object; java.base@17.0.6 (65 bytes) @ 0x0000016f0b818534 [0x0000016f0b8183e0+0x0000000000000154]
j  java.security.AccessController.doPrivileged(Ljava/security/PrivilegedExceptionAction;Ljava/security/AccessControlContext;)Ljava/lang/Object;+13 java.base@17.0.6
J 1316 c1 java.net.URLClassLoader.findClass(Ljava/lang/String;)Ljava/lang/Class; java.base@17.0.6 (47 bytes) @ 0x0000016f0b836bec [0x0000016f0b836a80+0x000000000000016c]
J 1048 c1 java.lang.ClassLoader.loadClass(Ljava/lang/String;Z)Ljava/lang/Class; java.base@17.0.6 (121 bytes) @ 0x0000016f0b7c0fdc [0x0000016f0b7c0a40+0x000000000000059c]
J 789 c1 java.lang.ClassLoader.loadClass(Ljava/lang/String;)Ljava/lang/Class; java.base@17.0.6 (7 bytes) @ 0x0000016f0b73293c [0x0000016f0b732840+0x00000000000000fc]
v  ~StubRoutines::call_stub
j  java.lang.Class.forName0(Ljava/lang/String;ZLjava/lang/ClassLoader;Ljava/lang/Class;)Ljava/lang/Class;+0 java.base@17.0.6
j  java.lang.Class.forName(Ljava/lang/String;)Ljava/lang/Class;+11 java.base@17.0.6
j  org.eclipse.osgi.storage.FrameworkExtensionInstaller.startExtensionActivator(Lorg/eclipse/osgi/container/ModuleRevision;Lorg/osgi/framework/BundleContext;)V+57
j  org.eclipse.osgi.storage.FrameworkExtensionInstaller.startExtensionActivators(Lorg/osgi/framework/BundleContext;)V+157
j  org.eclipse.osgi.internal.framework.SystemBundleActivator.start(Lorg/osgi/framework/BundleContext;)V+459
j  org.eclipse.osgi.internal.framework.BundleContextImpl$2.run()Ljava/lang/Void;+23
j  org.eclipse.osgi.internal.framework.BundleContextImpl$2.run()Ljava/lang/Object;+1
J 1237 c1 java.security.AccessController.executePrivileged(Ljava/security/PrivilegedExceptionAction;Ljava/security/AccessControlContext;Ljava/lang/Class;)Ljava/lang/Object; java.base@17.0.6 (65 bytes) @ 0x0000016f0b818534 [0x0000016f0b8183e0+0x0000000000000154]
j  java.security.AccessController.doPrivileged(Ljava/security/PrivilegedExceptionAction;)Ljava/lang/Object;+9 java.base@17.0.6
j  org.eclipse.osgi.internal.framework.BundleContextImpl.startActivator(Lorg/osgi/framework/BundleActivator;)V+9
j  org.eclipse.osgi.internal.framework.BundleContextImpl.start()V+134
j  org.eclipse.osgi.internal.framework.EquinoxBundle.startWorker0()V+35
j  org.eclipse.osgi.internal.framework.EquinoxBundle$SystemBundle$EquinoxSystemModule.initWorker()V+60
j  org.eclipse.osgi.container.SystemModule.init()V+333
j  org.eclipse.osgi.internal.framework.EquinoxBundle$SystemBundle.init([Lorg/osgi/framework/FrameworkListener;)V+84
j  org.eclipse.osgi.internal.framework.EquinoxBundle$SystemBundle.init()V+2
j  org.eclipse.osgi.launch.Equinox.init()V+4
j  org.eclipse.core.runtime.adaptor.EclipseStarter.startup([Ljava/lang/String;Ljava/lang/Runnable;)Lorg/osgi/framework/BundleContext;+37
j  org.eclipse.core.runtime.adaptor.EclipseStarter.run([Ljava/lang/String;Ljava/lang/Runnable;)Ljava/lang/Object;+21
v  ~StubRoutines::call_stub
j  jdk.internal.reflect.NativeMethodAccessorImpl.invoke0(Ljava/lang/reflect/Method;Ljava/lang/Object;[Ljava/lang/Object;)Ljava/lang/Object;+0 java.base@17.0.6
j  jdk.internal.reflect.NativeMethodAccessorImpl.invoke(Ljava/lang/Object;[Ljava/lang/Object;)Ljava/lang/Object;+133 java.base@17.0.6
j  jdk.internal.reflect.DelegatingMethodAccessorImpl.invoke(Ljava/lang/Object;[Ljava/lang/Object;)Ljava/lang/Object;+6 java.base@17.0.6
j  java.lang.reflect.Method.invoke(Ljava/lang/Object;[Ljava/lang/Object;)Ljava/lang/Object;+59 java.base@17.0.6
j  org.eclipse.equinox.launcher.Main.invokeFramework([Ljava/lang/String;[Ljava/net/URL;)V+201
j  org.eclipse.equinox.launcher.Main.basicRun([Ljava/lang/String;)V+159
j  org.eclipse.equinox.launcher.Main.run([Ljava/lang/String;)I+4
j  org.eclipse.equinox.launcher.Main.main([Ljava/lang/String;)V+10
v  ~StubRoutines::call_stub

---------------  P R O C E S S  ---------------

Threads class SMR info:
_java_thread_list=0x0000016f1feec720, length=13, elements={
0x0000016f089967b0, 0x0000016f1c7f1020, 0x0000016f1c7f3550, 0x0000016f1e0a0f20,
0x0000016f1e0a1940, 0x0000016f1e0a2c60, 0x0000016f1e0a45d0, 0x0000016f1e0a6a20,
0x0000016f1e0a9f30, 0x0000016f1e0aabe0, 0x0000016f1e19b870, 0x0000016f1e3702a0,
0x0000016f1fe52fe0
}

Java Threads: ( => current thread )
=>0x0000016f089967b0 JavaThread "main" [_thread_in_vm, id=17208, stack(0x0000001858600000,0x0000001858700000)]
  0x0000016f1c7f1020 JavaThread "Reference Handler" daemon [_thread_blocked, id=11852, stack(0x0000001858900000,0x0000001858a00000)]
  0x0000016f1c7f3550 JavaThread "Finalizer" daemon [_thread_blocked, id=12876, stack(0x0000001858a00000,0x0000001858b00000)]
  0x0000016f1e0a0f20 JavaThread "Signal Dispatcher" daemon [_thread_blocked, id=6852, stack(0x0000001858b00000,0x0000001858c00000)]
  0x0000016f1e0a1940 JavaThread "Attach Listener" daemon [_thread_blocked, id=3008, stack(0x0000001858c00000,0x0000001858d00000)]
  0x0000016f1e0a2c60 JavaThread "Service Thread" daemon [_thread_blocked, id=12400, stack(0x0000001858d00000,0x0000001858e00000)]
  0x0000016f1e0a45d0 JavaThread "Monitor Deflation Thread" daemon [_thread_blocked, id=17168, stack(0x0000001858e00000,0x0000001858f00000)]
  0x0000016f1e0a6a20 JavaThread "C2 CompilerThread0" daemon [_thread_blocked, id=10940, stack(0x0000001858f00000,0x0000001859000000)]
  0x0000016f1e0a9f30 JavaThread "C1 CompilerThread0" daemon [_thread_blocked, id=15892, stack(0x0000001859000000,0x0000001859100000)]
  0x0000016f1e0aabe0 JavaThread "Sweeper thread" daemon [_thread_blocked, id=2748, stack(0x0000001859100000,0x0000001859200000)]
  0x0000016f1e19b870 JavaThread "Common-Cleaner" daemon [_thread_blocked, id=14364, stack(0x0000001859200000,0x0000001859300000)]
  0x0000016f1e3702a0 JavaThread "Notification Thread" daemon [_thread_blocked, id=2372, stack(0x0000001859300000,0x0000001859400000)]
  0x0000016f1fe52fe0 JavaThread "Active Thread: Equinox Container: 64a6bb9d-d672-409d-8e11-24db2029e5d8" [_thread_blocked, id=9028, stack(0x0000001859b00000,0x0000001859c00000)]

Other Threads:
  0x0000016f08a3ec40 VMThread "VM Thread" [stack: 0x0000001858800000,0x0000001858900000] [id=16980]
  0x0000016f1e3e9c30 WatcherThread [stack: 0x0000001859400000,0x0000001859500000] [id=12164]
  0x0000016f089aa1f0 GCTaskThread "GC Thread#0" [stack: 0x0000001858700000,0x0000001858800000] [id=4192]
  0x0000016f20027920 GCTaskThread "GC Thread#1" [stack: 0x0000001859500000,0x0000001859600000] [id=3740]
  0x0000016f1ff0bf80 GCTaskThread "GC Thread#2" [stack: 0x0000001859600000,0x0000001859700000] [id=14472]
  0x0000016f1ff0c230 GCTaskThread "GC Thread#3" [stack: 0x0000001859700000,0x0000001859800000] [id=7352]
  0x0000016f20c95f80 GCTaskThread "GC Thread#4" [stack: 0x0000001859800000,0x0000001859900000] [id=15928]
  0x0000016f20c96230 GCTaskThread "GC Thread#5" [stack: 0x0000001859900000,0x0000001859a00000] [id=16960]
  0x0000016f20c964e0 GCTaskThread "GC Thread#6" [stack: 0x0000001859a00000,0x0000001859b00000] [id=5180]

Threads with active compile tasks:

VM state: not at safepoint (normal execution)

VM Mutex/Monitor currently owned by a thread:  ([mutex/lock_event])
[0x0000016f067fca90] Metaspace_lock - owner thread: 0x0000016f089967b0

Heap address: 0x00000000c0000000, size: 1024 MB, Compressed Oops mode: 32-bit

CDS archive(s) not mapped
Compressed class space mapped at: 0x0000000100000000-0x0000000140000000, reserved size: 1073741824
Narrow klass base: 0x0000000000000000, Narrow klass shift: 3, Narrow klass range: 0x140000000

GC Precious Log:
 CPUs: 12 total, 12 available
 Memory: 6005M
 Large Page Support: Disabled
 NUMA Support: Disabled
 Compressed Oops: Enabled (32-bit)
 Alignments: Space 512K, Generation 512K, Heap 2M
 Heap Min Capacity: 100M
 Heap Initial Capacity: 100M
 Heap Max Capacity: 1G
 Pre-touch: Disabled
 Parallel Workers: 10

Heap:
 PSYoungGen      total 29696K, used 20074K [0x00000000eab00000, 0x00000000ecc00000, 0x0000000100000000)
  eden space 25600K, 65% used [0x00000000eab00000,0x00000000ebb7c5f8,0x00000000ec400000)
  from space 4096K, 77% used [0x00000000ec400000,0x00000000ec71e218,0x00000000ec800000)
  to   space 4096K, 0% used [0x00000000ec800000,0x00000000ec800000,0x00000000ecc00000)
 ParOldGen       total 68608K, used 16K [0x00000000c0000000, 0x00000000c4300000, 0x00000000eab00000)
  object space 68608K, 0% used [0x00000000c0000000,0x00000000c0004000,0x00000000c4300000)
 Metaspace       used 13414K, committed 13632K, reserved 1064960K
  class space    used 1321K, committed 1408K, reserved 1048576K

Card table byte_map: [0x0000016f08350000,0x0000016f08560000] _byte_map_base: 0x0000016f07d50000

Marking Bits: (ParMarkBitMap*) 0x00007ffc48dc3e70
 Begin Bits: [0x0000016f1a600000, 0x0000016f1b600000)
 End Bits:   [0x0000016f1b600000, 0x0000016f1c600000)

Polling page: 0x0000016f08140000

Metaspace:

Usage:
  Non-class:     11.81 MB used.
      Class:      1.29 MB used.
       Both:     13.10 MB used.

Virtual space:
  Non-class space:       16.00 MB reserved,      11.94 MB ( 75%) committed,  2 nodes.
      Class space:        1.00 GB reserved,       1.38 MB ( <1%) committed,  1 nodes.
             Both:        1.02 GB reserved,      13.31 MB (  1%) committed. 

Chunk freelists:
   Non-Class:  3.50 MB
       Class:  2.50 MB
        Both:  6.00 MB

MaxMetaspaceSize: unlimited
CompressedClassSpaceSize: 1.00 GB
Initial GC threshold: 21.00 MB
Current GC threshold: 21.00 MB
CDS: off
MetaspaceReclaimPolicy: balanced
 - commit_granule_bytes: 65536.
 - commit_granule_words: 8192.
 - virtual_space_node_default_size: 1048576.
 - enlarge_chunks_in_place: 1.
 - new_chunks_are_fully_committed: 0.
 - uncommit_free_chunks: 1.
 - use_allocation_guard: 0.
 - handle_deallocations: 1.


Internal statistics:

num_allocs_failed_limit: 0.
num_arena_births: 56.
num_arena_deaths: 0.
num_vsnodes_births: 3.
num_vsnodes_deaths: 0.
num_space_committed: 213.
num_space_uncommitted: 0.
num_chunks_returned_to_freelist: 0.
num_chunks_taken_from_freelist: 200.
num_chunk_merges: 0.
num_chunk_splits: 142.
num_chunks_enlarged: 118.
num_purges: 0.
num_inconsistent_stats: 0.

CodeHeap 'non-profiled nmethods': size=120000Kb used=491Kb max_used=491Kb free=119508Kb
 bounds [0x0000016f130d0000, 0x0000016f13340000, 0x0000016f1a600000]
CodeHeap 'profiled nmethods': size=120000Kb used=2462Kb max_used=2462Kb free=117537Kb
 bounds [0x0000016f0b600000, 0x0000016f0b870000, 0x0000016f12b30000]
CodeHeap 'non-nmethods': size=5760Kb used=1156Kb max_used=1175Kb free=4603Kb
 bounds [0x0000016f12b30000, 0x0000016f12da0000, 0x0000016f130d0000]
 total_blobs=1845 nmethods=1399 adapters=360
 compilation: enabled
              stopped_count=0, restarted_count=0
 full_count=0

Compilation events (20 events):
Event: 1.365 Thread 0x0000016f1e0a6a20 1333       4       java.lang.AbstractStringBuilder::append (45 bytes)
Event: 1.365 Thread 0x0000016f1e0a9f30 nmethod 1391 0x0000016f0b863490 code [0x0000016f0b863660, 0x0000016f0b863b28]
Event: 1.365 Thread 0x0000016f1e0a9f30 1390       3       java.util.ArrayList::indexOf (11 bytes)
Event: 1.365 Thread 0x0000016f1e0a9f30 nmethod 1390 0x0000016f0b863d10 code [0x0000016f0b863ec0, 0x0000016f0b864008]
Event: 1.368 Thread 0x0000016f1e0a9f30 1393       3       jdk.internal.util.ArraysSupport::vectorizedMismatch (268 bytes)
Event: 1.369 Thread 0x0000016f1e0a9f30 nmethod 1393 0x0000016f0b864110 code [0x0000016f0b8642e0, 0x0000016f0b864738]
Event: 1.369 Thread 0x0000016f1e0a9f30 1394       3       java.lang.ThreadLocal::getMap (5 bytes)
Event: 1.369 Thread 0x0000016f1e0a9f30 nmethod 1394 0x0000016f0b864890 code [0x0000016f0b864a20, 0x0000016f0b864b38]
Event: 1.369 Thread 0x0000016f1e0a9f30 1396       3       sun.security.util.DerValue::subs (75 bytes)
Event: 1.370 Thread 0x0000016f1e0a6a20 nmethod 1333 0x0000016f13148b10 code [0x0000016f13148cc0, 0x0000016f13149248]
Event: 1.370 Thread 0x0000016f1e0a6a20 1392       4       sun.security.util.ManifestDigester::findSection (181 bytes)
Event: 1.370 Thread 0x0000016f1e0a9f30 nmethod 1396 0x0000016f0b864c10 code [0x0000016f0b864e60, 0x0000016f0b865818]
Event: 1.370 Thread 0x0000016f1e0a9f30 1397       3       java.util.Arrays::copyOfRange (64 bytes)
Event: 1.371 Thread 0x0000016f1e0a9f30 nmethod 1397 0x0000016f0b865c10 code [0x0000016f0b865e80, 0x0000016f0b866778]
Event: 1.371 Thread 0x0000016f1e0a9f30 1398       3       java.math.BigInteger::implSquareToLen (154 bytes)
Event: 1.371 Thread 0x0000016f1e0a9f30 nmethod 1398 0x0000016f0b866b10 code [0x0000016f0b866d00, 0x0000016f0b8671a8]
Event: 1.371 Thread 0x0000016f1e0a9f30 1399       3       java.math.BigInteger::shiftLeftImplWorker (43 bytes)
Event: 1.372 Thread 0x0000016f1e0a9f30 nmethod 1399 0x0000016f0b867510 code [0x0000016f0b8676c0, 0x0000016f0b8678f8]
Event: 1.372 Thread 0x0000016f1e0a6a20 nmethod 1392 0x0000016f13149610 code [0x0000016f131497a0, 0x0000016f13149a58]
Event: 1.372 Thread 0x0000016f1e0a6a20 1395       4       java.util.jar.Manifest$FastInputStream::readLine (9 bytes)

GC Heap History (2 events):
Event: 0.913 GC heap before
{Heap before GC invocations=1 (full 0):
 PSYoungGen      total 29696K, used 25600K [0x00000000eab00000, 0x00000000ecc00000, 0x0000000100000000)
  eden space 25600K, 100% used [0x00000000eab00000,0x00000000ec400000,0x00000000ec400000)
  from space 4096K, 0% used [0x00000000ec800000,0x00000000ec800000,0x00000000ecc00000)
  to   space 4096K, 0% used [0x00000000ec400000,0x00000000ec400000,0x00000000ec800000)
 ParOldGen       total 68608K, used 0K [0x00000000c0000000, 0x00000000c4300000, 0x00000000eab00000)
  object space 68608K, 0% used [0x00000000c0000000,0x00000000c0000000,0x00000000c4300000)
 Metaspace       used 11093K, committed 11328K, reserved 1064960K
  class space    used 1104K, committed 1216K, reserved 1048576K
}
Event: 0.921 GC heap after
{Heap after GC invocations=1 (full 0):
 PSYoungGen      total 29696K, used 3192K [0x00000000eab00000, 0x00000000ecc00000, 0x0000000100000000)
  eden space 25600K, 0% used [0x00000000eab00000,0x00000000eab00000,0x00000000ec400000)
  from space 4096K, 77% used [0x00000000ec400000,0x00000000ec71e218,0x00000000ec800000)
  to   space 4096K, 0% used [0x00000000ec800000,0x00000000ec800000,0x00000000ecc00000)
 ParOldGen       total 68608K, used 16K [0x00000000c0000000, 0x00000000c4300000, 0x00000000eab00000)
  object space 68608K, 0% used [0x00000000c0000000,0x00000000c0004000,0x00000000c4300000)
 Metaspace       used 11093K, committed 11328K, reserved 1064960K
  class space    used 1104K, committed 1216K, reserved 1048576K
}

Dll operation events (8 events):
Event: 0.014 Loaded shared library c:\Users\Mateuszin DECRIA\.vscode\extensions\redhat.java-1.16.0-win32-x64\jre\17.0.6-win32-x86_64\bin\java.dll
Event: 0.157 Loaded shared library c:\Users\Mateuszin DECRIA\.vscode\extensions\redhat.java-1.16.0-win32-x64\jre\17.0.6-win32-x86_64\bin\zip.dll
Event: 0.160 Loaded shared library C:\Users\Mateuszin DECRIA\.vscode\extensions\redhat.java-1.16.0-win32-x64\jre\17.0.6-win32-x86_64\bin\instrument.dll
Event: 0.176 Loaded shared library C:\Users\Mateuszin DECRIA\.vscode\extensions\redhat.java-1.16.0-win32-x64\jre\17.0.6-win32-x86_64\bin\net.dll
Event: 0.181 Loaded shared library C:\Users\Mateuszin DECRIA\.vscode\extensions\redhat.java-1.16.0-win32-x64\jre\17.0.6-win32-x86_64\bin\nio.dll
Event: 0.189 Loaded shared library C:\Users\Mateuszin DECRIA\.vscode\extensions\redhat.java-1.16.0-win32-x64\jre\17.0.6-win32-x86_64\bin\zip.dll
Event: 0.204 Loaded shared library C:\Users\Mateuszin DECRIA\.vscode\extensions\redhat.java-1.16.0-win32-x64\jre\17.0.6-win32-x86_64\bin\jimage.dll
Event: 0.262 Loaded shared library c:\Users\Mateuszin DECRIA\.vscode\extensions\redhat.java-1.16.0-win32-x64\jre\17.0.6-win32-x86_64\bin\verify.dll

Deoptimization events (20 events):
Event: 1.220 Thread 0x0000016f089967b0 DEOPT PACKING pc=0x0000016f13103f64 sp=0x00000018586fe080
Event: 1.220 Thread 0x0000016f089967b0 DEOPT UNPACKING pc=0x0000016f12b866a3 sp=0x00000018586fe050 mode 2
Event: 1.327 Thread 0x0000016f089967b0 Uncommon trap: trap_request=0xffffffde fr.pc=0x0000016f1311a848 relative=0x0000000000000908
Event: 1.327 Thread 0x0000016f089967b0 Uncommon trap: reason=class_check action=maybe_recompile pc=0x0000016f1311a848 method=java.util.HashMap.putVal(ILjava/lang/Object;Ljava/lang/Object;ZZ)Ljava/lang/Object; @ 253 c2
Event: 1.327 Thread 0x0000016f089967b0 DEOPT PACKING pc=0x0000016f1311a848 sp=0x00000018586fdb10
Event: 1.327 Thread 0x0000016f089967b0 DEOPT UNPACKING pc=0x0000016f12b866a3 sp=0x00000018586fda90 mode 2
Event: 1.330 Thread 0x0000016f089967b0 Uncommon trap: trap_request=0xffffffde fr.pc=0x0000016f1311a848 relative=0x0000000000000908
Event: 1.330 Thread 0x0000016f089967b0 Uncommon trap: reason=class_check action=maybe_recompile pc=0x0000016f1311a848 method=java.util.HashMap.putVal(ILjava/lang/Object;Ljava/lang/Object;ZZ)Ljava/lang/Object; @ 253 c2
Event: 1.330 Thread 0x0000016f089967b0 DEOPT PACKING pc=0x0000016f1311a848 sp=0x00000018586fdb10
Event: 1.330 Thread 0x0000016f089967b0 DEOPT UNPACKING pc=0x0000016f12b866a3 sp=0x00000018586fda90 mode 2
Event: 1.331 Thread 0x0000016f089967b0 Uncommon trap: trap_request=0xffffffde fr.pc=0x0000016f1311a848 relative=0x0000000000000908
Event: 1.331 Thread 0x0000016f089967b0 Uncommon trap: reason=class_check action=maybe_recompile pc=0x0000016f1311a848 method=java.util.HashMap.putVal(ILjava/lang/Object;Ljava/lang/Object;ZZ)Ljava/lang/Object; @ 253 c2
Event: 1.331 Thread 0x0000016f089967b0 DEOPT PACKING pc=0x0000016f1311a848 sp=0x00000018586fda10
Event: 1.331 Thread 0x0000016f089967b0 DEOPT UNPACKING pc=0x0000016f12b866a3 sp=0x00000018586fd990 mode 2
Event: 1.334 Thread 0x0000016f089967b0 Uncommon trap: trap_request=0xffffffde fr.pc=0x0000016f1311a848 relative=0x0000000000000908
Event: 1.334 Thread 0x0000016f089967b0 Uncommon trap: reason=class_check action=maybe_recompile pc=0x0000016f1311a848 method=java.util.HashMap.putVal(ILjava/lang/Object;Ljava/lang/Object;ZZ)Ljava/lang/Object; @ 253 c2
Event: 1.334 Thread 0x0000016f089967b0 DEOPT PACKING pc=0x0000016f1311a848 sp=0x00000018586fda90
Event: 1.334 Thread 0x0000016f089967b0 DEOPT UNPACKING pc=0x0000016f12b866a3 sp=0x00000018586fda10 mode 2
Event: 1.368 Thread 0x0000016f089967b0 DEOPT PACKING pc=0x0000016f0b6e2380 sp=0x00000018586fcb70
Event: 1.368 Thread 0x0000016f089967b0 DEOPT UNPACKING pc=0x0000016f12b86e43 sp=0x00000018586fbfe0 mode 0

Classes unloaded (0 events):
No events

Classes redefined (0 events):
No events

Internal exceptions (20 events):
Event: 0.514 Thread 0x0000016f089967b0 Exception <a 'java/io/FileNotFoundException'{0x00000000eb7bac80}> (0x00000000eb7bac80) 
thrown [s\src\hotspot\share\prims\jni.cpp, line 516]
Event: 0.514 Thread 0x0000016f089967b0 Exception <a 'java/io/FileNotFoundException'{0x00000000eb7bba38}> (0x00000000eb7bba38) 
thrown [s\src\hotspot\share\prims\jni.cpp, line 516]
Event: 0.514 Thread 0x0000016f089967b0 Exception <a 'java/io/FileNotFoundException'{0x00000000eb7bc7d0}> (0x00000000eb7bc7d0) 
thrown [s\src\hotspot\share\prims\jni.cpp, line 516]
Event: 0.515 Thread 0x0000016f089967b0 Exception <a 'java/io/FileNotFoundException'{0x00000000eb7bd558}> (0x00000000eb7bd558) 
thrown [s\src\hotspot\share\prims\jni.cpp, line 516]
Event: 0.520 Thread 0x0000016f089967b0 Implicit null exception at 0x0000016f130f24f2 to 0x0000016f130f2a10
Event: 0.524 Thread 0x0000016f089967b0 Exception <a 'java/io/FileNotFoundException'{0x00000000eb7fe138}> (0x00000000eb7fe138) 
thrown [s\src\hotspot\share\prims\jni.cpp, line 516]
Event: 0.732 Thread 0x0000016f089967b0 Exception <a 'java/lang/ClassNotFoundException'{0x00000000ebff2f28}: sun/net/www/protocol/c/Handler> (0x00000000ebff2f28) 
thrown [s\src\hotspot\share\classfile\systemDictionary.cpp, line 256]
Event: 0.733 Thread 0x0000016f089967b0 Exception <a 'java/lang/ClassNotFoundException'{0x00000000ebff42a8}: sun/net/www/protocol/c/Handler> (0x00000000ebff42a8) 
thrown [s\src\hotspot\share\classfile\systemDictionary.cpp, line 256]
Event: 0.734 Thread 0x0000016f089967b0 Exception <a 'java/lang/ClassNotFoundException'{0x00000000ebff5448}: sun/net/www/protocol/c/Handler> (0x00000000ebff5448) 
thrown [s\src\hotspot\share\classfile\systemDictionary.cpp, line 256]
Event: 0.743 Thread 0x0000016f089967b0 Exception <a 'java/io/FileNotFoundException'{0x00000000ec01bfc8}> (0x00000000ec01bfc8) 
thrown [s\src\hotspot\share\prims\jni.cpp, line 516]
Event: 0.789 Thread 0x0000016f089967b0 Implicit null exception at 0x0000016f1310aef1 to 0x0000016f1310b0e0
Event: 0.789 Thread 0x0000016f089967b0 Implicit null exception at 0x0000016f1310520f to 0x0000016f13105285
Event: 0.857 Thread 0x0000016f089967b0 Exception <a 'java/lang/NoSuchMethodError'{0x00000000ec2ebdc8}: 'int java.lang.invoke.DirectMethodHandle$Holder.invokeStaticInit(java.lang.Object, java.lang.Object, java.lang.Object, java.lang.Object)'> (0x00000000ec2ebdc8) 
thrown [s\src\hotspot\share\interpreter\linkResolver.cpp, line 759]
Event: 0.860 Thread 0x0000016f089967b0 Exception <a 'java/lang/NoSuchMethodError'{0x00000000ec2f6438}: 'java.lang.Object java.lang.invoke.DirectMethodHandle$Holder.invokeInterface(java.lang.Object, java.lang.Object)'> (0x00000000ec2f6438) 
thrown [s\src\hotspot\share\interpreter\linkResolver.cpp, line 759]
Event: 0.861 Thread 0x0000016f089967b0 Exception <a 'java/lang/IncompatibleClassChangeError'{0x00000000ec2f9c30}: Found class java.lang.Object, but interface was expected> (0x00000000ec2f9c30) 
thrown [s\src\hotspot\share\interpreter\linkResolver.cpp, line 826]
Event: 0.862 Thread 0x0000016f089967b0 Exception <a 'java/lang/NoSuchMethodError'{0x00000000ec2fe128}: 'void java.lang.invoke.DirectMethodHandle$Holder.invokeStatic(java.lang.Object, java.lang.Object)'> (0x00000000ec2fe128) 
thrown [s\src\hotspot\share\interpreter\linkResolver.cpp, line 759]
Event: 0.863 Thread 0x0000016f089967b0 Exception <a 'java/lang/NoSuchMethodError'{0x00000000ec301928}: 'void java.lang.invoke.DirectMethodHandle$Holder.invokeStaticInit(java.lang.Object, java.lang.Object)'> (0x00000000ec301928) 
thrown [s\src\hotspot\share\interpreter\linkResolver.cpp, line 759]
Event: 0.865 Thread 0x0000016f089967b0 Exception <a 'java/lang/NoSuchMethodError'{0x00000000ec30a5e0}: 'int java.lang.invoke.DirectMethodHandle$Holder.invokeStaticInit(java.lang.Object, java.lang.Object)'> (0x00000000ec30a5e0) 
thrown [s\src\hotspot\share\interpreter\linkResolver.cpp, line 759]
Event: 0.929 Thread 0x0000016f089967b0 Exception <a 'java/lang/NoSuchMethodError'{0x00000000eab4d848}: 'void java.lang.invoke.DirectMethodHandle$Holder.invokeSpecial(java.lang.Object, java.lang.Object, java.lang.Object)'> (0x00000000eab4d848) 
thrown [s\src\hotspot\share\interpreter\linkResolver.cpp, line 759]
Event: 1.302 Thread 0x0000016f089967b0 Exception <a 'java/lang/NoSuchMethodError'{0x00000000eb8a0a40}: 'java.lang.Object java.lang.invoke.DirectMethodHandle$Holder.newInvokeSpecial(java.lang.Object, int, java.lang.Object)'> (0x00000000eb8a0a40) 
thrown [s\src\hotspot\share\interpreter\linkResolver.cpp, line 759]

VM Operations (20 events):
Event: 0.138 Executing VM operation: HandshakeAllThreads
Event: 0.138 Executing VM operation: HandshakeAllThreads done
Event: 0.222 Executing VM operation: HandshakeAllThreads
Event: 0.222 Executing VM operation: HandshakeAllThreads done
Event: 0.488 Executing VM operation: HandshakeAllThreads
Event: 0.489 Executing VM operation: HandshakeAllThreads done
Event: 0.502 Executing VM operation: HandshakeAllThreads
Event: 0.502 Executing VM operation: HandshakeAllThreads done
Event: 0.776 Executing VM operation: ICBufferFull
Event: 0.776 Executing VM operation: ICBufferFull done
Event: 0.913 Executing VM operation: ParallelGCFailedAllocation
Event: 0.921 Executing VM operation: ParallelGCFailedAllocation done
Event: 1.264 Executing VM operation: HandshakeAllThreads
Event: 1.265 Executing VM operation: HandshakeAllThreads done
Event: 1.265 Executing VM operation: HandshakeAllThreads
Event: 1.265 Executing VM operation: HandshakeAllThreads done
Event: 1.274 Executing VM operation: HandshakeAllThreads
Event: 1.274 Executing VM operation: HandshakeAllThreads done
Event: 1.295 Executing VM operation: HandshakeAllThreads
Event: 1.295 Executing VM operation: HandshakeAllThreads done

Events (20 events):
Event: 1.253 loading class java/util/concurrent/ForkJoinPool$DefaultCommonPoolForkJoinWorkerThreadFactory
Event: 1.255 loading class java/util/concurrent/ForkJoinPool$DefaultCommonPoolForkJoinWorkerThreadFactory done
Event: 1.255 loading class java/util/concurrent/ForkJoinPool$WorkQueue
Event: 1.255 loading class java/util/concurrent/ForkJoinPool$WorkQueue done
Event: 1.255 loading class java/util/concurrent/ForkJoinWorkerThread
Event: 1.256 loading class java/util/concurrent/ForkJoinWorkerThread done
Event: 1.273 loading class java/util/ArrayList$ListItr
Event: 1.274 loading class java/util/ArrayList$ListItr done
Event: 1.294 loading class java/util/LinkedList
Event: 1.294 loading class java/util/AbstractSequentialList
Event: 1.294 loading class java/util/AbstractSequentialList done
Event: 1.295 loading class java/util/LinkedList done
Event: 1.329 loading class java/util/ConcurrentModificationException
Event: 1.329 loading class java/util/ConcurrentModificationException done
Event: 1.335 loading class java/net/ContentHandlerFactory
Event: 1.336 loading class java/net/ContentHandlerFactory done
Event: 1.341 loading class java/net/ContentHandler
Event: 1.341 loading class java/net/ContentHandler done
Event: 1.363 loading class java/security/KeyStoreException
Event: 1.364 loading class java/security/KeyStoreException done


Dynamic libraries:
0x00007ff70a570000 - 0x00007ff70a57e000 	c:\Users\Mateuszin DECRIA\.vscode\extensions\redhat.java-1.16.0-win32-x64\jre\17.0.6-win32-x86_64\bin\java.exe
0x00007ffd13470000 - 0x00007ffd13687000 	C:\WINDOWS\SYSTEM32\ntdll.dll
0x00007ffd11490000 - 0x00007ffd11554000 	C:\WINDOWS\System32\KERNEL32.DLL
0x00007ffd10940000 - 0x00007ffd10d12000 	C:\WINDOWS\System32\KERNELBASE.dll
0x00007ffd09d80000 - 0x00007ffd09e18000 	C:\WINDOWS\SYSTEM32\apphelp.dll
0x00007ffd10fb0000 - 0x00007ffd110c1000 	C:\WINDOWS\System32\ucrtbase.dll
0x00007ffce2080000 - 0x00007ffce2099000 	c:\Users\Mateuszin DECRIA\.vscode\extensions\redhat.java-1.16.0-win32-x64\jre\17.0.6-win32-x86_64\bin\VCRUNTIME140.dll
0x00007ffce3f50000 - 0x00007ffce3f67000 	c:\Users\Mateuszin DECRIA\.vscode\extensions\redhat.java-1.16.0-win32-x64\jre\17.0.6-win32-x86_64\bin\jli.dll
0x00007ffd130b0000 - 0x00007ffd13261000 	C:\WINDOWS\System32\USER32.dll
0x00007ffcfa230000 - 0x00007ffcfa4cb000 	C:\WINDOWS\WinSxS\amd64_microsoft.windows.common-controls_6595b64144ccf1df_6.0.22621.5415_none_270d77d17387d7da\COMCTL32.dll
0x00007ffd110d0000 - 0x00007ffd110f6000 	C:\WINDOWS\System32\win32u.dll
0x00007ffd13380000 - 0x00007ffd13427000 	C:\WINDOWS\System32\msvcrt.dll
0x00007ffd12f90000 - 0x00007ffd12fb9000 	C:\WINDOWS\System32\GDI32.dll
0x00007ffd106d0000 - 0x00007ffd107f3000 	C:\WINDOWS\System32\gdi32full.dll
0x00007ffd10e60000 - 0x00007ffd10efa000 	C:\WINDOWS\System32\msvcp_win.dll
0x00007ffd124a0000 - 0x00007ffd124d1000 	C:\WINDOWS\System32\IMM32.DLL
0x00007ffcf4600000 - 0x00007ffcf460c000 	c:\Users\Mateuszin DECRIA\.vscode\extensions\redhat.java-1.16.0-win32-x64\jre\17.0.6-win32-x86_64\bin\vcruntime140_1.dll
0x00007ffcdd210000 - 0x00007ffcdd2a1000 	c:\Users\Mateuszin DECRIA\.vscode\extensions\redhat.java-1.16.0-win32-x64\jre\17.0.6-win32-x86_64\bin\msvcp140.dll
0x00007ffc48240000 - 0x00007ffc48e87000 	c:\Users\Mateuszin DECRIA\.vscode\extensions\redhat.java-1.16.0-win32-x64\jre\17.0.6-win32-x86_64\bin\server\jvm.dll
0x00007ffd118e0000 - 0x00007ffd11991000 	C:\WINDOWS\System32\ADVAPI32.dll
0x00007ffd11120000 - 0x00007ffd111c8000 	C:\WINDOWS\System32\sechost.dll
0x00007ffd10f80000 - 0x00007ffd10fa8000 	C:\WINDOWS\System32\bcrypt.dll
0x00007ffd124e0000 - 0x00007ffd125f4000 	C:\WINDOWS\System32\RPCRT4.dll
0x00007ffcecf00000 - 0x00007ffcecf09000 	C:\WINDOWS\SYSTEM32\WSOCK32.dll
0x00007ffd0b370000 - 0x00007ffd0b3a4000 	C:\WINDOWS\SYSTEM32\WINMM.dll
0x00007ffd07a80000 - 0x00007ffd07a8a000 	C:\WINDOWS\SYSTEM32\VERSION.dll
0x00007ffd11a30000 - 0x00007ffd11aa1000 	C:\WINDOWS\System32\WS2_32.dll
0x00007ffd0f590000 - 0x00007ffd0f5a8000 	C:\WINDOWS\SYSTEM32\kernel.appcore.dll
0x00007ffcea1e0000 - 0x00007ffcea1ea000 	c:\Users\Mateuszin DECRIA\.vscode\extensions\redhat.java-1.16.0-win32-x64\jre\17.0.6-win32-x86_64\bin\jimage.dll
0x00007ffd0a040000 - 0x00007ffd0a273000 	C:\WINDOWS\SYSTEM32\DBGHELP.DLL
0x00007ffd12100000 - 0x00007ffd12493000 	C:\WINDOWS\System32\combase.dll
0x00007ffd12600000 - 0x00007ffd126d7000 	C:\WINDOWS\System32\OLEAUT32.dll
0x00007ffcf4610000 - 0x00007ffcf4642000 	C:\WINDOWS\SYSTEM32\dbgcore.DLL
0x00007ffd10d20000 - 0x00007ffd10d9b000 	C:\WINDOWS\System32\bcryptPrimitives.dll
0x00007ffcea0d0000 - 0x00007ffcea0de000 	c:\Users\Mateuszin DECRIA\.vscode\extensions\redhat.java-1.16.0-win32-x64\jre\17.0.6-win32-x86_64\bin\instrument.dll
0x00007ffcde710000 - 0x00007ffcde735000 	c:\Users\Mateuszin DECRIA\.vscode\extensions\redhat.java-1.16.0-win32-x64\jre\17.0.6-win32-x86_64\bin\java.dll
0x00007ffce0250000 - 0x00007ffce0268000 	c:\Users\Mateuszin DECRIA\.vscode\extensions\redhat.java-1.16.0-win32-x64\jre\17.0.6-win32-x86_64\bin\zip.dll
0x00007ffd126e0000 - 0x00007ffd12f82000 	C:\WINDOWS\System32\SHELL32.dll
0x00007ffd10800000 - 0x00007ffd1093f000 	C:\WINDOWS\System32\wintypes.dll
0x00007ffd0e490000 - 0x00007ffd0edae000 	C:\WINDOWS\SYSTEM32\windows.storage.dll
0x00007ffd13270000 - 0x00007ffd1337b000 	C:\WINDOWS\System32\SHCORE.dll
0x00007ffd11420000 - 0x00007ffd11489000 	C:\WINDOWS\System32\shlwapi.dll
0x00007ffd10490000 - 0x00007ffd104bb000 	C:\WINDOWS\SYSTEM32\profapi.dll
0x00007ffcdfd20000 - 0x00007ffcdfd39000 	C:\Users\Mateuszin DECRIA\.vscode\extensions\redhat.java-1.16.0-win32-x64\jre\17.0.6-win32-x86_64\bin\net.dll
0x00007ffd0ba10000 - 0x00007ffd0bb3c000 	C:\WINDOWS\SYSTEM32\WINHTTP.dll
0x00007ffd0fa10000 - 0x00007ffd0fa79000 	C:\WINDOWS\system32\mswsock.dll
0x00007ffcdee90000 - 0x00007ffcdeea5000 	C:\Users\Mateuszin DECRIA\.vscode\extensions\redhat.java-1.16.0-win32-x64\jre\17.0.6-win32-x86_64\bin\nio.dll
0x00007ffce6260000 - 0x00007ffce6270000 	c:\Users\Mateuszin DECRIA\.vscode\extensions\redhat.java-1.16.0-win32-x64\jre\17.0.6-win32-x86_64\bin\verify.dll

dbghelp: loaded successfully - version: 4.0.5 - missing functions: none
symbol engine: initialized successfully - sym options: 0x614 - pdb path: .;c:\Users\Mateuszin DECRIA\.vscode\extensions\redhat.java-1.16.0-win32-x64\jre\17.0.6-win32-x86_64\bin;C:\WINDOWS\SYSTEM32;C:\WINDOWS\WinSxS\amd64_microsoft.windows.common-controls_6595b64144ccf1df_6.0.22621.5415_none_270d77d17387d7da;c:\Users\Mateuszin DECRIA\.vscode\extensions\redhat.java-1.16.0-win32-x64\jre\17.0.6-win32-x86_64\bin\server

VM Arguments:
jvm_args: --add-modules=ALL-SYSTEM --add-opens=java.base/java.util=ALL-UNNAMED --add-opens=java.base/java.lang=ALL-UNNAMED --add-opens=java.base/sun.nio.fs=ALL-UNNAMED -Declipse.application=org.eclipse.jdt.ls.core.id1 -Dosgi.bundles.defaultStartLevel=4 -Declipse.product=org.eclipse.jdt.ls.core.product -Djava.import.generatesMetadataFilesAtProjectRoot=false -Dfile.encoding=utf8 -XX:+UseParallelGC -XX:GCTimeRatio=4 -XX:AdaptiveSizePolicyWeight=90 -Dsun.zip.disableMemoryMapping=true -Xmx1G -Xms100m -Xlog:disable -javaagent:c:\Users\Mateuszin DECRIA\.vscode\extensions\redhat.java-1.16.0-win32-x64\lombok\lombok-1.18.24.jar -XX:+HeapDumpOnOutOfMemoryError -XX:HeapDumpPath=c:\Users\Mateuszin DECRIA\AppData\Roaming\Code\User\workspaceStorage\fcd16503787e29a287fb73595fca1e63\redhat.java 
java_command: c:\Users\Mateuszin DECRIA\.vscode\extensions\redhat.java-1.16.0-win32-x64\server\plugins\org.eclipse.equinox.launcher_1.6.400.v20210924-0641.jar -configuration c:\Users\Mateuszin DECRIA\AppData\Roaming\Code\User\globalStorage\redhat.java\1.16.0\config_win -data c:\Users\Mateuszin DECRIA\AppData\Roaming\Code\User\workspaceStorage\fcd16503787e29a287fb73595fca1e63\redhat.java\jdt_ws
java_class_path (initial): c:\Users\Mateuszin DECRIA\.vscode\extensions\redhat.java-1.16.0-win32-x64\server\plugins\org.eclipse.equinox.launcher_1.6.400.v20210924-0641.jar
Launcher Type: SUN_STANDARD

[Global flags]
    uintx AdaptiveSizePolicyWeight                 = 90                                        {product} {command line}
     intx CICompilerCount                          = 4                                         {product} {ergonomic}
    uintx GCTimeRatio                              = 4                                         {product} {command line}
     bool HeapDumpOnOutOfMemoryError               = true                                   {manageable} {command line}
    ccstr HeapDumpPath                             = c:\Users\Mateuszin DECRIA\AppData\Roaming\Code\User\workspaceStorage\fcd16503787e29a287fb73595fca1e63\redhat.java         {manageable} {command line}
   size_t InitialHeapSize                          = 104857600                                 {product} {command line}
   size_t MaxHeapSize                              = 1073741824                                {product} {command line}
   size_t MaxNewSize                               = 357564416                                 {product} {ergonomic}
   size_t MinHeapDeltaBytes                        = 524288                                    {product} {ergonomic}
   size_t MinHeapSize                              = 104857600                                 {product} {command line}
   size_t NewSize                                  = 34603008                                  {product} {ergonomic}
    uintx NonNMethodCodeHeapSize                   = 5839372                                {pd product} {ergonomic}
    uintx NonProfiledCodeHeapSize                  = 122909434                              {pd product} {ergonomic}
   size_t OldSize                                  = 70254592                                  {product} {ergonomic}
    uintx ProfiledCodeHeapSize                     = 122909434                              {pd product} {ergonomic}
    uintx ReservedCodeCacheSize                    = 251658240                              {pd product} {ergonomic}
     bool SegmentedCodeCache                       = true                                      {product} {ergonomic}
   size_t SoftMaxHeapSize                          = 1073741824                             {manageable} {ergonomic}
     bool UseCompressedClassPointers               = true                           {product lp64_product} {ergonomic}
     bool UseCompressedOops                        = true                           {product lp64_product} {ergonomic}
     bool UseLargePagesIndividualAllocation        = false                                  {pd product} {ergonomic}
     bool UseParallelGC                            = true                                      {product} {command line}

Logging:
Log output configuration:
 #0: stdout all=off uptime,level,tags
 #1: stderr all=off uptime,level,tags

Environment Variables:
JAVA_HOME=C:\Program Files\Eclipse Adoptium\jre-8.0.345.1-hotspot\
PATH=C:\Program Files\Common Files\Oracle\Java\javapath;C:\Program Files\Eclipse Adoptium\jre-8.0.345.1-hotspot\bin;C:\Program Files\Eclipse Adoptium\jre-17.0.4.8-hotspot\bin;C:\Program Files\Eclipse Adoptium\jre-11.0.16.8-hotspot\bin;C:\WINDOWS\system32;C:\WINDOWS;C:\WINDOWS\System32\Wbem;C:\WINDOWS\System32\WindowsPowerShell\v1.0\;C:\WINDOWS\System32\OpenSSH\;C:\Program Files\dotnet\;C:\Program Files (x86)\Microsoft SQL Server\150\Tools\Binn\;C:\Program Files\Microsoft SQL Server\150\Tools\Binn\;C:\Program Files (x86)\Microsoft SQL Server\150\DTS\Binn\;C:\Program Files\Microsoft SQL Server\150\DTS\Binn\;C:\Program Files\Microsoft SQL Server\Client SDK\ODBC\170\Tools\Binn\;C:\Program Files\Azure Data Studio\bin;C:\Program Files\Git\cmd;C:\Users\Mateuszin DECRIA\AppData\Local\Programs\Python\Python311\Scripts\;C:\Users\Mateuszin DECRIA\AppData\Local\Programs\Python\Python311\;C:\Users\Mateuszin DECRIA\AppData\Local\Microsoft\WindowsApps;;C:\Users\Mateuszin DECRIA\AppData\Local\Programs\Microsoft VS Code\bin
USERNAME=Mateuszin DECRIA
OS=Windows_NT
PROCESSOR_IDENTIFIER=AMD64 Family 23 Model 104 Stepping 1, AuthenticAMD
TMP=C:\Users\MATEUS~1\AppData\Local\Temp
TEMP=C:\Users\MATEUS~1\AppData\Local\Temp



---------------  S Y S T E M  ---------------

OS:
 Windows 11 , 64 bit Build 22621 (10.0.22621.5415)
OS uptime: 0 days 3:51 hours

CPU: total 12 (initial active 12) (12 cores per cpu, 2 threads per core) family 23 model 104 stepping 1 microcode 0x0, cx8, cmov, fxsr, ht, mmx, 3dnowpref, sse, sse2, sse3, ssse3, sse4a, sse4.1, sse4.2, popcnt, lzcnt, tsc, tscinvbit, avx, avx2, aes, clmul, bmi1, bmi2, adx, sha, fma, vzeroupper, clflush, clflushopt

Memory: 4k page, system-wide physical 6005M (228M free)
TotalPageFile size 14005M (AvailPageFile size 237M)
current process WorkingSet (physical memory assigned to process): 84M, peak: 84M
current process commit charge ("private bytes"): 210M, peak: 210M

vm_info: OpenJDK 64-Bit Server VM (17.0.6+10) for windows-amd64 JRE (17.0.6+10), built on Jan 18 2023 10:08:59 by "temurin" with MS VC++ 16.7 (VS2019)

END.
