#
# There is insufficient memory for the Java Runtime Environment to continue.
# Native memory allocation (malloc) failed to allocate 32744 bytes for ChunkPool::allocate
# Possible reasons:
#   The system is out of physical RAM or swap space
#   The process is running with CompressedOops enabled, and the Java Heap may be blocking the growth of the native heap
# Possible solutions:
#   Reduce memory load on the system
#   Increase physical memory or swap space
#   Check if swap backing store is full
#   Decrease Java heap size (-Xmx/-Xms)
#   Decrease number of Java threads
#   Decrease Java thread stack sizes (-Xss)
#   Set larger code cache with -XX:ReservedCodeCacheSize=
#   JVM is running with Unscaled Compressed Oops mode in which the Java heap is
#     placed in the first 4GB address space. The Java Heap base address is the
#     maximum limit for the native heap growth. Please use -XX:HeapBaseMinAddress
#     to set the Java Heap base and to place the Java Heap above 4GB virtual address.
# This output file may be truncated or incomplete.
#
#  Out of Memory Error (arena.cpp:78), pid=3184, tid=15496
#
# JRE version: OpenJDK Runtime Environment Temurin-17.0.6+10 (17.0.6+10) (build 17.0.6+10)
# Java VM: OpenJDK 64-Bit Server VM Temurin-17.0.6+10 (17.0.6+10, mixed mode, tiered, compressed oops, compressed class ptrs, parallel gc, windows-amd64)
# No core dump will be written. Minidumps are not enabled by default on client versions of Windows
#

---------------  S U M M A R Y ------------

Command Line: --add-modules=ALL-SYSTEM --add-opens=java.base/java.util=ALL-UNNAMED --add-opens=java.base/java.lang=ALL-UNNAMED --add-opens=java.base/sun.nio.fs=ALL-UNNAMED -Declipse.application=org.eclipse.jdt.ls.core.id1 -Dosgi.bundles.defaultStartLevel=4 -Declipse.product=org.eclipse.jdt.ls.core.product -Djava.import.generatesMetadataFilesAtProjectRoot=false -Dfile.encoding=utf8 -XX:+UseParallelGC -XX:GCTimeRatio=4 -XX:AdaptiveSizePolicyWeight=90 -Dsun.zip.disableMemoryMapping=true -Xmx1G -Xms100m -Xlog:disable -javaagent:c:\Users\Mateuszin DECRIA\.vscode\extensions\redhat.java-1.16.0-win32-x64\lombok\lombok-1.18.24.jar c:\Users\Mateuszin DECRIA\.vscode\extensions\redhat.java-1.16.0-win32-x64\server\plugins\org.eclipse.equinox.launcher_1.6.400.v20210924-0641.jar -configuration c:\Users\Mateuszin DECRIA\AppData\Roaming\Code\User\globalStorage\redhat.java\1.16.0\config_ss_win -data c:\Users\Mateuszin DECRIA\AppData\Roaming\Code\User\workspaceStorage\fcd16503787e29a287fb73595fca1e63\redhat.java\ss_ws

Host: AMD Ryzen 5 5500U with Radeon Graphics         , 12 cores, 5G,  Windows 11 , 64 bit Build 22621 (10.0.22621.5415)
Time: Wed Jul  2 22:23:38 2025 Hora oficial do Brasil elapsed time: 4.495424 seconds (0d 0h 0m 4s)

---------------  T H R E A D  ---------------

Current thread (0x0000023975a90630):  JavaThread "C1 CompilerThread0" daemon [_thread_in_native, id=15496, stack(0x0000007cbcd00000,0x0000007cbce00000)]


Current CompileTask:
C1:   4495 2319       3       org.objectweb.asm.ClassReader::<init> (371 bytes)

Stack: [0x0000007cbcd00000,0x0000007cbce00000]
Native frames: (J=compiled Java code, j=interpreted, Vv=VM code, C=native code)
V  [jvm.dll+0x67741a]
V  [jvm.dll+0x834434]
V  [jvm.dll+0x835bde]
V  [jvm.dll+0x836243]
V  [jvm.dll+0x2457b5]
V  [jvm.dll+0xabd1c]
V  [jvm.dll+0xac0cc]
V  [jvm.dll+0xb770d]
V  [jvm.dll+0x16a34d]
V  [jvm.dll+0x15ddfe]
V  [jvm.dll+0x14c120]
V  [jvm.dll+0x134d07]
V  [jvm.dll+0x13468f]
V  [jvm.dll+0x1348c6]
V  [jvm.dll+0x133d5a]
V  [jvm.dll+0x135a21]
V  [jvm.dll+0x22742a]
V  [jvm.dll+0x225565]
V  [jvm.dll+0x7ea2cb]
V  [jvm.dll+0x7e483a]
V  [jvm.dll+0x6762c5]
C  [ucrtbase.dll+0x29333]
C  [KERNEL32.DLL+0x1259d]
C  [ntdll.dll+0x5af78]


---------------  P R O C E S S  ---------------

Threads class SMR info:
_java_thread_list=0x00000239785a5170, length=20, elements={
0x00000239602d4280, 0x000002397412f020, 0x00000239741327e0, 0x000002397413aef0,
0x000002397413b910, 0x000002397413e940, 0x0000023975a89ba0, 0x0000023975a8ef40,
0x0000023975a90630, 0x0000023975a9b160, 0x0000023960336080, 0x0000023975dde960,
0x0000023977730310, 0x000002397851c8f0, 0x00000239779be5d0, 0x00000239778212e0,
0x000002397795bb60, 0x00000239779db270, 0x00000239779e78b0, 0x00000239779e7d80
}

Java Threads: ( => current thread )
  0x00000239602d4280 JavaThread "main" [_thread_blocked, id=2344, stack(0x0000007cbc300000,0x0000007cbc400000)]
  0x000002397412f020 JavaThread "Reference Handler" daemon [_thread_blocked, id=160, stack(0x0000007cbc600000,0x0000007cbc700000)]
  0x00000239741327e0 JavaThread "Finalizer" daemon [_thread_blocked, id=3640, stack(0x0000007cbc700000,0x0000007cbc800000)]
  0x000002397413aef0 JavaThread "Signal Dispatcher" daemon [_thread_blocked, id=7316, stack(0x0000007cbc800000,0x0000007cbc900000)]
  0x000002397413b910 JavaThread "Attach Listener" daemon [_thread_blocked, id=13948, stack(0x0000007cbc900000,0x0000007cbca00000)]
  0x000002397413e940 JavaThread "Service Thread" daemon [_thread_blocked, id=11216, stack(0x0000007cbca00000,0x0000007cbcb00000)]
  0x0000023975a89ba0 JavaThread "Monitor Deflation Thread" daemon [_thread_blocked, id=5452, stack(0x0000007cbcb00000,0x0000007cbcc00000)]
  0x0000023975a8ef40 JavaThread "C2 CompilerThread0" daemon [_thread_in_native, id=9248, stack(0x0000007cbcc00000,0x0000007cbcd00000)]
=>0x0000023975a90630 JavaThread "C1 CompilerThread0" daemon [_thread_in_native, id=15496, stack(0x0000007cbcd00000,0x0000007cbce00000)]
  0x0000023975a9b160 JavaThread "Sweeper thread" daemon [_thread_blocked, id=9228, stack(0x0000007cbce00000,0x0000007cbcf00000)]
  0x0000023960336080 JavaThread "Common-Cleaner" daemon [_thread_blocked, id=3232, stack(0x0000007cbcf00000,0x0000007cbd000000)]
  0x0000023975dde960 JavaThread "Notification Thread" daemon [_thread_blocked, id=5448, stack(0x0000007cbd000000,0x0000007cbd100000)]
  0x0000023977730310 JavaThread "Active Thread: Equinox Container: 36098157-c663-4783-9b84-a20af0ae21ad" [_thread_blocked, id=2432, stack(0x0000007cbd800000,0x0000007cbd900000)]
  0x000002397851c8f0 JavaThread "Framework Event Dispatcher: Equinox Container: 36098157-c663-4783-9b84-a20af0ae21ad" daemon [_thread_blocked, id=14396, stack(0x0000007cbd900000,0x0000007cbda00000)]
  0x00000239779be5d0 JavaThread "Start Level: Equinox Container: 36098157-c663-4783-9b84-a20af0ae21ad" daemon [_thread_in_vm, id=13100, stack(0x0000007cbda00000,0x0000007cbdb00000)]
  0x00000239778212e0 JavaThread "SCR Component Actor" daemon [_thread_blocked, id=8840, stack(0x0000007cbdb00000,0x0000007cbdc00000)]
  0x000002397795bb60 JavaThread "SCR Component Registry" daemon [_thread_blocked, id=10836, stack(0x0000007cbdd00000,0x0000007cbde00000)]
  0x00000239779db270 JavaThread "Worker-JM" [_thread_blocked, id=6356, stack(0x0000007cbde00000,0x0000007cbdf00000)]
  0x00000239779e78b0 JavaThread "Worker-0" [_thread_blocked, id=11760, stack(0x0000007cbe100000,0x0000007cbe200000)]
  0x00000239779e7d80 JavaThread "Worker-1" [_thread_blocked, id=10696, stack(0x0000007cbe200000,0x0000007cbe300000)]

Other Threads:
  0x0000023975a62a00 VMThread "VM Thread" [stack: 0x0000007cbc500000,0x0000007cbc600000] [id=7492]
  0x0000023975d895d0 WatcherThread [stack: 0x0000007cbd100000,0x0000007cbd200000] [id=4644]
  0x00000239602e80c0 GCTaskThread "GC Thread#0" [stack: 0x0000007cbc400000,0x0000007cbc500000] [id=13192]
  0x0000023977790df0 GCTaskThread "GC Thread#1" [stack: 0x0000007cbd200000,0x0000007cbd300000] [id=1660]
  0x00000239777914b0 GCTaskThread "GC Thread#2" [stack: 0x0000007cbd300000,0x0000007cbd400000] [id=15508]
  0x0000023977791760 GCTaskThread "GC Thread#3" [stack: 0x0000007cbd400000,0x0000007cbd500000] [id=11244]
  0x00000239775dff80 GCTaskThread "GC Thread#4" [stack: 0x0000007cbd500000,0x0000007cbd600000] [id=5660]
  0x00000239775e0230 GCTaskThread "GC Thread#5" [stack: 0x0000007cbd600000,0x0000007cbd700000] [id=6564]
  0x00000239775e04e0 GCTaskThread "GC Thread#6" [stack: 0x0000007cbd700000,0x0000007cbd800000] [id=4884]
  0x0000023977866e90 GCTaskThread "GC Thread#7" [stack: 0x0000007cbdc00000,0x0000007cbdd00000] [id=12080]
  0x00000239779ea560 GCTaskThread "GC Thread#8" [stack: 0x0000007cbdf00000,0x0000007cbe000000] [id=10276]
  0x00000239785acd50 GCTaskThread "GC Thread#9" [stack: 0x0000007cbe000000,0x0000007cbe100000] [id=13112]

Threads with active compile tasks:
C2 CompilerThread0     4516 2310       4       org.objectweb.asm.ClassReader::readMethod (1066 bytes)
C1 CompilerThread0     4516 2319       3       org.objectweb.asm.ClassReader::<init> (371 bytes)

VM state: not at safepoint (normal execution)

VM Mutex/Monitor currently owned by a thread: None

Heap address: 0x00000000c0000000, size: 1024 MB, Compressed Oops mode: 32-bit

CDS archive(s) not mapped
Compressed class space mapped at: 0x0000000100000000-0x0000000140000000, reserved size: 1073741824
Narrow klass base: 0x0000000000000000, Narrow klass shift: 3, Narrow klass range: 0x140000000

GC Precious Log:
 CPUs: 12 total, 12 available
 Memory: 6005M
 Large Page Support: Disabled
 NUMA Support: Disabled
 Compressed Oops: Enabled (32-bit)
 Alignments: Space 512K, Generation 512K, Heap 2M
 Heap Min Capacity: 100M
 Heap Initial Capacity: 100M
 Heap Max Capacity: 1G
 Pre-touch: Disabled
 Parallel Workers: 10

Heap:
 PSYoungGen      total 26112K, used 11693K [0x00000000eab00000, 0x00000000ec880000, 0x0000000100000000)
  eden space 25088K, 43% used [0x00000000eab00000,0x00000000eb5a9360,0x00000000ec380000)
  from space 1024K, 75% used [0x00000000ec400000,0x00000000ec4c21a8,0x00000000ec500000)
  to   space 2560K, 0% used [0x00000000ec600000,0x00000000ec600000,0x00000000ec880000)
 ParOldGen       total 68608K, used 6891K [0x00000000c0000000, 0x00000000c4300000, 0x00000000eab00000)
  object space 68608K, 10% used [0x00000000c0000000,0x00000000c06bad00,0x00000000c4300000)
 Metaspace       used 26184K, committed 26624K, reserved 1073152K
  class space    used 2543K, committed 2752K, reserved 1048576K

Card table byte_map: [0x000002395fc60000,0x000002395fe70000] _byte_map_base: 0x000002395f660000

Marking Bits: (ParMarkBitMap*) 0x00007ffc48dc3e70
 Begin Bits: [0x0000023971f40000, 0x0000023972f40000)
 End Bits:   [0x0000023972f40000, 0x0000023973f40000)

Polling page: 0x000002395e200000

Metaspace:

Usage:
  Non-class:     23.09 MB used.
      Class:      2.48 MB used.
       Both:     25.57 MB used.

Virtual space:
  Non-class space:       24.00 MB reserved,      23.31 MB ( 97%) committed,  3 nodes.
      Class space:        1.00 GB reserved,       2.69 MB ( <1%) committed,  1 nodes.
             Both:        1.02 GB reserved,      26.00 MB (  2%) committed. 

Chunk freelists:
   Non-Class:  128.00 KB
       Class:  1.33 MB
        Both:  1.46 MB

MaxMetaspaceSize: unlimited
CompressedClassSpaceSize: 1.00 GB
Initial GC threshold: 21.00 MB
Current GC threshold: 35.00 MB
CDS: off
MetaspaceReclaimPolicy: balanced
 - commit_granule_bytes: 65536.
 - commit_granule_words: 8192.
 - virtual_space_node_default_size: 1048576.
 - enlarge_chunks_in_place: 1.
 - new_chunks_are_fully_committed: 0.
 - uncommit_free_chunks: 1.
 - use_allocation_guard: 0.
 - handle_deallocations: 1.


Internal statistics:

num_allocs_failed_limit: 3.
num_arena_births: 198.
num_arena_deaths: 14.
num_vsnodes_births: 4.
num_vsnodes_deaths: 0.
num_space_committed: 417.
num_space_uncommitted: 0.
num_chunks_returned_to_freelist: 17.
num_chunks_taken_from_freelist: 880.
num_chunk_merges: 4.
num_chunk_splits: 583.
num_chunks_enlarged: 422.
num_purges: 2.
num_inconsistent_stats: 0.

CodeHeap 'non-profiled nmethods': size=120000Kb used=867Kb max_used=867Kb free=119132Kb
 bounds [0x000002396aa10000, 0x000002396ac80000, 0x0000023971f40000]
CodeHeap 'profiled nmethods': size=120000Kb used=4548Kb max_used=4548Kb free=115451Kb
 bounds [0x0000023962f40000, 0x00000239633c0000, 0x000002396a470000]
CodeHeap 'non-nmethods': size=5760Kb used=1229Kb max_used=1241Kb free=4530Kb
 bounds [0x000002396a470000, 0x000002396a6e0000, 0x000002396aa10000]
 total_blobs=2851 nmethods=2313 adapters=452
 compilation: enabled
              stopped_count=0, restarted_count=0
 full_count=0

Compilation events (20 events):
Event: 4.458 Thread 0x0000023975a90630 nmethod 2305 0x00000239633ac190 code [0x00000239633ac380, 0x00000239633ac948]
Event: 4.458 Thread 0x0000023975a90630 2307       3       org.objectweb.asm.ClassReader::createLabel (21 bytes)
Event: 4.459 Thread 0x0000023975a90630 nmethod 2307 0x00000239633acb90 code [0x00000239633acd60, 0x00000239633ad198]
Event: 4.459 Thread 0x0000023975a90630 2306       3       java.util.regex.Pattern$BranchConn::match (11 bytes)
Event: 4.459 Thread 0x0000023975a90630 nmethod 2306 0x00000239633ad390 code [0x00000239633ad540, 0x00000239633ad708]
Event: 4.459 Thread 0x0000023975a90630 2308       3       org.objectweb.asm.MethodVisitor::visitLineNumber (17 bytes)
Event: 4.459 Thread 0x0000023975a90630 nmethod 2308 0x00000239633ad810 code [0x00000239633ad9c0, 0x00000239633adbc8]
Event: 4.461 Thread 0x0000023975a90630 2311       3       org.objectweb.asm.SymbolTable::put (150 bytes)
Event: 4.461 Thread 0x0000023975a90630 nmethod 2311 0x00000239633adc90 code [0x00000239633ade60, 0x00000239633ae578]
Event: 4.463 Thread 0x0000023975a8ef40 nmethod 2309 0x000002396aae8690 code [0x000002396aae8820, 0x000002396aae8bb8]
Event: 4.463 Thread 0x0000023975a8ef40 2310       4       org.objectweb.asm.ClassReader::readMethod (1066 bytes)
Event: 4.463 Thread 0x0000023975a90630 2312 %     3       org.objectweb.asm.ClassReader::<init> @ 110 (371 bytes)
Event: 4.464 Thread 0x0000023975a90630 nmethod 2312% 0x00000239633ae890 code [0x00000239633aeb80, 0x00000239633afed8]
Event: 4.464 Thread 0x0000023975a90630 2313       3       org.objectweb.asm.ClassReader::readLong (29 bytes)
Event: 4.465 Thread 0x0000023975a90630 nmethod 2313 0x00000239633b0490 code [0x00000239633b0640, 0x00000239633b07f8]
Event: 4.465 Thread 0x0000023975a90630 2314       3       org.objectweb.asm.SymbolTable::hash (14 bytes)
Event: 4.465 Thread 0x0000023975a90630 nmethod 2314 0x00000239633b0910 code [0x00000239633b0aa0, 0x00000239633b0b98]
Event: 4.465 Thread 0x0000023975a90630 2315       3       java.util.Arrays$ArrayItr::next (36 bytes)
Event: 4.465 Thread 0x0000023975a90630 nmethod 2315 0x00000239633b0c10 code [0x00000239633b0dc0, 0x00000239633b1008]
Event: 4.492 Thread 0x0000023975a90630 2319       3       org.objectweb.asm.ClassReader::<init> (371 bytes)

GC Heap History (12 events):
Event: 1.725 GC heap before
{Heap before GC invocations=1 (full 0):
 PSYoungGen      total 29696K, used 25600K [0x00000000eab00000, 0x00000000ecc00000, 0x0000000100000000)
  eden space 25600K, 100% used [0x00000000eab00000,0x00000000ec400000,0x00000000ec400000)
  from space 4096K, 0% used [0x00000000ec800000,0x00000000ec800000,0x00000000ecc00000)
  to   space 4096K, 0% used [0x00000000ec400000,0x00000000ec400000,0x00000000ec800000)
 ParOldGen       total 68608K, used 0K [0x00000000c0000000, 0x00000000c4300000, 0x00000000eab00000)
  object space 68608K, 0% used [0x00000000c0000000,0x00000000c0000000,0x00000000c4300000)
 Metaspace       used 11134K, committed 11328K, reserved 1064960K
  class space    used 1106K, committed 1216K, reserved 1048576K
}
Event: 1.748 GC heap after
{Heap after GC invocations=1 (full 0):
 PSYoungGen      total 29696K, used 3176K [0x00000000eab00000, 0x00000000ecc00000, 0x0000000100000000)
  eden space 25600K, 0% used [0x00000000eab00000,0x00000000eab00000,0x00000000ec400000)
  from space 4096K, 77% used [0x00000000ec400000,0x00000000ec71a208,0x00000000ec800000)
  to   space 4096K, 0% used [0x00000000ec800000,0x00000000ec800000,0x00000000ecc00000)
 ParOldGen       total 68608K, used 0K [0x00000000c0000000, 0x00000000c4300000, 0x00000000eab00000)
  object space 68608K, 0% used [0x00000000c0000000,0x00000000c0000000,0x00000000c4300000)
 Metaspace       used 11134K, committed 11328K, reserved 1064960K
  class space    used 1106K, committed 1216K, reserved 1048576K
}
Event: 2.800 GC heap before
{Heap before GC invocations=2 (full 0):
 PSYoungGen      total 29696K, used 28776K [0x00000000eab00000, 0x00000000ecc00000, 0x0000000100000000)
  eden space 25600K, 100% used [0x00000000eab00000,0x00000000ec400000,0x00000000ec400000)
  from space 4096K, 77% used [0x00000000ec400000,0x00000000ec71a208,0x00000000ec800000)
  to   space 4096K, 0% used [0x00000000ec800000,0x00000000ec800000,0x00000000ecc00000)
 ParOldGen       total 68608K, used 0K [0x00000000c0000000, 0x00000000c4300000, 0x00000000eab00000)
  object space 68608K, 0% used [0x00000000c0000000,0x00000000c0000000,0x00000000c4300000)
 Metaspace       used 15325K, committed 15680K, reserved 1064960K
  class space    used 1560K, committed 1728K, reserved 1048576K
}
Event: 2.806 GC heap after
{Heap after GC invocations=2 (full 0):
 PSYoungGen      total 29696K, used 4078K [0x00000000eab00000, 0x00000000ecc00000, 0x0000000100000000)
  eden space 25600K, 0% used [0x00000000eab00000,0x00000000eab00000,0x00000000ec400000)
  from space 4096K, 99% used [0x00000000ec800000,0x00000000ecbfba58,0x00000000ecc00000)
  to   space 4096K, 0% used [0x00000000ec400000,0x00000000ec400000,0x00000000ec800000)
 ParOldGen       total 68608K, used 808K [0x00000000c0000000, 0x00000000c4300000, 0x00000000eab00000)
  object space 68608K, 1% used [0x00000000c0000000,0x00000000c00ca040,0x00000000c4300000)
 Metaspace       used 15325K, committed 15680K, reserved 1064960K
  class space    used 1560K, committed 1728K, reserved 1048576K
}
Event: 3.651 GC heap before
{Heap before GC invocations=3 (full 0):
 PSYoungGen      total 29696K, used 29678K [0x00000000eab00000, 0x00000000ecc00000, 0x0000000100000000)
  eden space 25600K, 100% used [0x00000000eab00000,0x00000000ec400000,0x00000000ec400000)
  from space 4096K, 99% used [0x00000000ec800000,0x00000000ecbfba58,0x00000000ecc00000)
  to   space 4096K, 0% used [0x00000000ec400000,0x00000000ec400000,0x00000000ec800000)
 ParOldGen       total 68608K, used 808K [0x00000000c0000000, 0x00000000c4300000, 0x00000000eab00000)
  object space 68608K, 1% used [0x00000000c0000000,0x00000000c00ca040,0x00000000c4300000)
 Metaspace       used 20399K, committed 20864K, reserved 1073152K
  class space    used 2072K, committed 2304K, reserved 1048576K
}
Event: 3.656 GC heap after
{Heap after GC invocations=3 (full 0):
 PSYoungGen      total 29696K, used 4085K [0x00000000eab00000, 0x00000000ecc00000, 0x0000000100000000)
  eden space 25600K, 0% used [0x00000000eab00000,0x00000000eab00000,0x00000000ec400000)
  from space 4096K, 99% used [0x00000000ec400000,0x00000000ec7fd528,0x00000000ec800000)
  to   space 4096K, 0% used [0x00000000ec800000,0x00000000ec800000,0x00000000ecc00000)
 ParOldGen       total 68608K, used 2843K [0x00000000c0000000, 0x00000000c4300000, 0x00000000eab00000)
  object space 68608K, 4% used [0x00000000c0000000,0x00000000c02c6d10,0x00000000c4300000)
 Metaspace       used 20399K, committed 20864K, reserved 1073152K
  class space    used 2072K, committed 2304K, reserved 1048576K
}
Event: 3.787 GC heap before
{Heap before GC invocations=4 (full 0):
 PSYoungGen      total 29696K, used 8127K [0x00000000eab00000, 0x00000000ecc00000, 0x0000000100000000)
  eden space 25600K, 15% used [0x00000000eab00000,0x00000000eaef2a78,0x00000000ec400000)
  from space 4096K, 99% used [0x00000000ec400000,0x00000000ec7fd528,0x00000000ec800000)
  to   space 4096K, 0% used [0x00000000ec800000,0x00000000ec800000,0x00000000ecc00000)
 ParOldGen       total 68608K, used 2843K [0x00000000c0000000, 0x00000000c4300000, 0x00000000eab00000)
  object space 68608K, 4% used [0x00000000c0000000,0x00000000c02c6d10,0x00000000c4300000)
 Metaspace       used 21036K, committed 21504K, reserved 1073152K
  class space    used 2145K, committed 2368K, reserved 1048576K
}
Event: 3.790 GC heap after
{Heap after GC invocations=4 (full 0):
 PSYoungGen      total 29696K, used 4069K [0x00000000eab00000, 0x00000000ecc00000, 0x0000000100000000)
  eden space 25600K, 0% used [0x00000000eab00000,0x00000000eab00000,0x00000000ec400000)
  from space 4096K, 99% used [0x00000000ec800000,0x00000000ecbf9538,0x00000000ecc00000)
  to   space 4096K, 0% used [0x00000000ec400000,0x00000000ec400000,0x00000000ec800000)
 ParOldGen       total 68608K, used 3075K [0x00000000c0000000, 0x00000000c4300000, 0x00000000eab00000)
  object space 68608K, 4% used [0x00000000c0000000,0x00000000c0300d10,0x00000000c4300000)
 Metaspace       used 21036K, committed 21504K, reserved 1073152K
  class space    used 2145K, committed 2368K, reserved 1048576K
}
Event: 3.790 GC heap before
{Heap before GC invocations=5 (full 1):
 PSYoungGen      total 29696K, used 4069K [0x00000000eab00000, 0x00000000ecc00000, 0x0000000100000000)
  eden space 25600K, 0% used [0x00000000eab00000,0x00000000eab00000,0x00000000ec400000)
  from space 4096K, 99% used [0x00000000ec800000,0x00000000ecbf9538,0x00000000ecc00000)
  to   space 4096K, 0% used [0x00000000ec400000,0x00000000ec400000,0x00000000ec800000)
 ParOldGen       total 68608K, used 3075K [0x00000000c0000000, 0x00000000c4300000, 0x00000000eab00000)
  object space 68608K, 4% used [0x00000000c0000000,0x00000000c0300d10,0x00000000c4300000)
 Metaspace       used 21036K, committed 21504K, reserved 1073152K
  class space    used 2145K, committed 2368K, reserved 1048576K
}
Event: 3.814 GC heap after
{Heap after GC invocations=5 (full 1):
 PSYoungGen      total 29696K, used 0K [0x00000000eab00000, 0x00000000ecc00000, 0x0000000100000000)
  eden space 25600K, 0% used [0x00000000eab00000,0x00000000eab00000,0x00000000ec400000)
  from space 4096K, 0% used [0x00000000ec800000,0x00000000ec800000,0x00000000ecc00000)
  to   space 4096K, 0% used [0x00000000ec400000,0x00000000ec400000,0x00000000ec800000)
 ParOldGen       total 68608K, used 6891K [0x00000000c0000000, 0x00000000c4300000, 0x00000000eab00000)
  object space 68608K, 10% used [0x00000000c0000000,0x00000000c06bad00,0x00000000c4300000)
 Metaspace       used 21023K, committed 21504K, reserved 1073152K
  class space    used 2141K, committed 2368K, reserved 1048576K
}
Event: 4.257 GC heap before
{Heap before GC invocations=6 (full 1):
 PSYoungGen      total 29696K, used 25600K [0x00000000eab00000, 0x00000000ecc00000, 0x0000000100000000)
  eden space 25600K, 100% used [0x00000000eab00000,0x00000000ec400000,0x00000000ec400000)
  from space 4096K, 0% used [0x00000000ec800000,0x00000000ec800000,0x00000000ecc00000)
  to   space 4096K, 0% used [0x00000000ec400000,0x00000000ec400000,0x00000000ec800000)
 ParOldGen       total 68608K, used 6891K [0x00000000c0000000, 0x00000000c4300000, 0x00000000eab00000)
  object space 68608K, 10% used [0x00000000c0000000,0x00000000c06bad00,0x00000000c4300000)
 Metaspace       used 24485K, committed 24960K, reserved 1073152K
  class space    used 2389K, committed 2624K, reserved 1048576K
}
Event: 4.259 GC heap after
{Heap after GC invocations=6 (full 1):
 PSYoungGen      total 26112K, used 776K [0x00000000eab00000, 0x00000000ec880000, 0x0000000100000000)
  eden space 25088K, 0% used [0x00000000eab00000,0x00000000eab00000,0x00000000ec380000)
  from space 1024K, 75% used [0x00000000ec400000,0x00000000ec4c21a8,0x00000000ec500000)
  to   space 2560K, 0% used [0x00000000ec600000,0x00000000ec600000,0x00000000ec880000)
 ParOldGen       total 68608K, used 6891K [0x00000000c0000000, 0x00000000c4300000, 0x00000000eab00000)
  object space 68608K, 10% used [0x00000000c0000000,0x00000000c06bad00,0x00000000c4300000)
 Metaspace       used 24485K, committed 24960K, reserved 1073152K
  class space    used 2389K, committed 2624K, reserved 1048576K
}

Dll operation events (9 events):
Event: 0.041 Loaded shared library c:\Users\Mateuszin DECRIA\.vscode\extensions\redhat.java-1.16.0-win32-x64\jre\17.0.6-win32-x86_64\bin\java.dll
Event: 0.238 Loaded shared library c:\Users\Mateuszin DECRIA\.vscode\extensions\redhat.java-1.16.0-win32-x64\jre\17.0.6-win32-x86_64\bin\zip.dll
Event: 0.244 Loaded shared library C:\Users\Mateuszin DECRIA\.vscode\extensions\redhat.java-1.16.0-win32-x64\jre\17.0.6-win32-x86_64\bin\instrument.dll
Event: 0.259 Loaded shared library C:\Users\Mateuszin DECRIA\.vscode\extensions\redhat.java-1.16.0-win32-x64\jre\17.0.6-win32-x86_64\bin\net.dll
Event: 0.262 Loaded shared library C:\Users\Mateuszin DECRIA\.vscode\extensions\redhat.java-1.16.0-win32-x64\jre\17.0.6-win32-x86_64\bin\nio.dll
Event: 0.269 Loaded shared library C:\Users\Mateuszin DECRIA\.vscode\extensions\redhat.java-1.16.0-win32-x64\jre\17.0.6-win32-x86_64\bin\zip.dll
Event: 0.291 Loaded shared library C:\Users\Mateuszin DECRIA\.vscode\extensions\redhat.java-1.16.0-win32-x64\jre\17.0.6-win32-x86_64\bin\jimage.dll
Event: 0.374 Loaded shared library c:\Users\Mateuszin DECRIA\.vscode\extensions\redhat.java-1.16.0-win32-x64\jre\17.0.6-win32-x86_64\bin\verify.dll
Event: 2.519 Loaded shared library C:\Users\Mateuszin DECRIA\AppData\Roaming\Code\User\globalStorage\redhat.java\1.16.0\config_ss_win\org.eclipse.equinox.launcher\org.eclipse.equinox.launcher.win32.win32.x86_64_1.2.700.v20221108-1024\eclipse_11801.dll

Deoptimization events (20 events):
Event: 3.582 Thread 0x00000239779be5d0 Uncommon trap: trap_request=0xffffffc6 fr.pc=0x000002396aab55d0 relative=0x00000000000019b0
Event: 3.582 Thread 0x00000239779be5d0 Uncommon trap: reason=bimorphic_or_optimized_type_check action=maybe_recompile pc=0x000002396aab55d0 method=java.io.DataInputStream.readUnsignedShort()I @ 4 c2
Event: 3.582 Thread 0x00000239779be5d0 DEOPT PACKING pc=0x000002396aab55d0 sp=0x0000007cbdaf9a10
Event: 3.582 Thread 0x00000239779be5d0 DEOPT UNPACKING pc=0x000002396a4c66a3 sp=0x0000007cbdaf9988 mode 2
Event: 3.585 Thread 0x00000239779be5d0 Uncommon trap: trap_request=0xffffffc6 fr.pc=0x000002396aab55d0 relative=0x00000000000019b0
Event: 3.585 Thread 0x00000239779be5d0 Uncommon trap: reason=bimorphic_or_optimized_type_check action=maybe_recompile pc=0x000002396aab55d0 method=java.io.DataInputStream.readUnsignedShort()I @ 4 c2
Event: 3.585 Thread 0x00000239779be5d0 DEOPT PACKING pc=0x000002396aab55d0 sp=0x0000007cbdaf96d0
Event: 3.585 Thread 0x00000239779be5d0 DEOPT UNPACKING pc=0x000002396a4c66a3 sp=0x0000007cbdaf9648 mode 2
Event: 3.585 Thread 0x00000239779be5d0 Uncommon trap: trap_request=0xffffffc6 fr.pc=0x000002396aab55d0 relative=0x00000000000019b0
Event: 3.585 Thread 0x00000239779be5d0 Uncommon trap: reason=bimorphic_or_optimized_type_check action=maybe_recompile pc=0x000002396aab55d0 method=java.io.DataInputStream.readUnsignedShort()I @ 4 c2
Event: 3.585 Thread 0x00000239779be5d0 DEOPT PACKING pc=0x000002396aab55d0 sp=0x0000007cbdaf9610
Event: 3.585 Thread 0x00000239779be5d0 DEOPT UNPACKING pc=0x000002396a4c66a3 sp=0x0000007cbdaf9588 mode 2
Event: 3.586 Thread 0x00000239779be5d0 Uncommon trap: trap_request=0xffffffc6 fr.pc=0x000002396aab55d0 relative=0x00000000000019b0
Event: 3.586 Thread 0x00000239779be5d0 Uncommon trap: reason=bimorphic_or_optimized_type_check action=maybe_recompile pc=0x000002396aab55d0 method=java.io.DataInputStream.readUnsignedShort()I @ 4 c2
Event: 3.586 Thread 0x00000239779be5d0 DEOPT PACKING pc=0x000002396aab55d0 sp=0x0000007cbdaf9560
Event: 3.586 Thread 0x00000239779be5d0 DEOPT UNPACKING pc=0x000002396a4c66a3 sp=0x0000007cbdaf94d8 mode 2
Event: 3.648 Thread 0x00000239779be5d0 Uncommon trap: trap_request=0xffffff45 fr.pc=0x000002396aa97840 relative=0x0000000000000040
Event: 3.648 Thread 0x00000239779be5d0 Uncommon trap: reason=unstable_if action=reinterpret pc=0x000002396aa97840 method=sun.nio.fs.WindowsPathParser.isSlash(C)Z @ 9 c2
Event: 3.648 Thread 0x00000239779be5d0 DEOPT PACKING pc=0x000002396aa97840 sp=0x0000007cbdaf93f0
Event: 3.648 Thread 0x00000239779be5d0 DEOPT UNPACKING pc=0x000002396a4c66a3 sp=0x0000007cbdaf9378 mode 2

Classes unloaded (7 events):
Event: 3.794 Thread 0x0000023975a62a00 Unloading class 0x0000000100212400 'java/lang/invoke/LambdaForm$MH+0x0000000100212400'
Event: 3.794 Thread 0x0000023975a62a00 Unloading class 0x0000000100212000 'java/lang/invoke/LambdaForm$MH+0x0000000100212000'
Event: 3.794 Thread 0x0000023975a62a00 Unloading class 0x0000000100211c00 'java/lang/invoke/LambdaForm$MH+0x0000000100211c00'
Event: 3.794 Thread 0x0000023975a62a00 Unloading class 0x0000000100211800 'java/lang/invoke/LambdaForm$MH+0x0000000100211800'
Event: 3.794 Thread 0x0000023975a62a00 Unloading class 0x0000000100211000 'java/lang/invoke/LambdaForm$BMH+0x0000000100211000'
Event: 3.794 Thread 0x0000023975a62a00 Unloading class 0x0000000100210c00 'java/lang/invoke/LambdaForm$DMH+0x0000000100210c00'
Event: 3.794 Thread 0x0000023975a62a00 Unloading class 0x000000010020e000 'java/lang/invoke/LambdaForm$DMH+0x000000010020e000'

Classes redefined (0 events):
No events

Internal exceptions (20 events):
Event: 3.445 Thread 0x00000239779be5d0 Exception <a 'java/lang/NoSuchMethodError'{0x00000000ebdc9120}: 'void java.lang.invoke.DelegatingMethodHandle$Holder.delegate(java.lang.Object, java.lang.Object, int, java.lang.Object)'> (0x00000000ebdc9120) 
thrown [s\src\hotspot\share\interpreter\linkResolver.cpp, line 759]
Event: 3.445 Thread 0x00000239779be5d0 Exception <a 'java/lang/NoSuchMethodError'{0x00000000ebdcd508}: 'int java.lang.invoke.DirectMethodHandle$Holder.invokeSpecial(java.lang.Object, java.lang.Object, java.lang.Object)'> (0x00000000ebdcd508) 
thrown [s\src\hotspot\share\interpreter\linkResolver.cpp, line 759]
Event: 3.446 Thread 0x00000239779be5d0 Exception <a 'java/lang/NoSuchMethodError'{0x00000000ebdddaf8}: 'int java.lang.invoke.DirectMethodHandle$Holder.invokeStatic(java.lang.Object, java.lang.Object, int)'> (0x00000000ebdddaf8) 
thrown [s\src\hotspot\share\interpreter\linkResolver.cpp, line 759]
Event: 3.447 Thread 0x00000239779be5d0 Exception <a 'java/lang/NoSuchMethodError'{0x00000000ebde1f20}: 'int java.lang.invoke.DirectMethodHandle$Holder.invokeSpecial(java.lang.Object, java.lang.Object, java.lang.Object, int)'> (0x00000000ebde1f20) 
thrown [s\src\hotspot\share\interpreter\linkResolver.cpp, line 759]
Event: 3.450 Thread 0x00000239779be5d0 Exception <a 'java/lang/NoSuchMethodError'{0x00000000ebdfcf00}: 'java.lang.Object java.lang.invoke.DirectMethodHandle$Holder.invokeStatic(java.lang.Object, java.lang.Object, java.lang.Object, java.lang.Object, int)'> (0x00000000ebdfcf00) 
thrown [s\src\hotspot\share\interpreter\linkResolver.cpp, line 759]
Event: 3.451 Thread 0x00000239779be5d0 Exception <a 'java/lang/NoSuchMethodError'{0x00000000ebe08ef8}: 'java.lang.Object java.lang.invoke.DelegatingMethodHandle$Holder.reinvoke_L(java.lang.Object, java.lang.Object, java.lang.Object, java.lang.Object, int, int)'> (0x00000000ebe08ef8) 
thrown [s\src\hotspot\share\interpreter\linkResolver.cpp, line 759]
Event: 3.454 Thread 0x00000239779be5d0 Exception <a 'java/lang/NoSuchMethodError'{0x00000000ebe20a40}: 'java.lang.Object java.lang.invoke.Invokers$Holder.invokeExact_MT(java.lang.Object, java.lang.Object, java.lang.Object, java.lang.Object)'> (0x00000000ebe20a40) 
thrown [s\src\hotspot\share\interpreter\linkResolver.cpp, line 759]
Event: 3.587 Thread 0x00000239779be5d0 Exception <a 'java/lang/NoSuchMethodError'{0x00000000ec2372d0}: 'java.lang.Object java.lang.invoke.DirectMethodHandle$Holder.newInvokeSpecial(java.lang.Object, java.lang.Object, java.lang.Object, java.lang.Object, java.lang.Object)'> (0x00000000ec2372d0) 
thrown [s\src\hotspot\share\interpreter\linkResolver.cpp, line 759]
Event: 3.723 Thread 0x00000239779be5d0 Exception <a 'java/lang/NoSuchMethodError'{0x00000000eacc6128}: 'java.lang.Object java.lang.invoke.DirectMethodHandle$Holder.invokeSpecial(java.lang.Object, java.lang.Object, java.lang.Object, long, java.lang.Object)'> (0x00000000eacc6128) 
thrown [s\src\hotspot\share\interpreter\linkResolver.cpp, line 759]
Event: 3.724 Thread 0x00000239779be5d0 Exception <a 'java/lang/NoSuchMethodError'{0x00000000eacce2e0}: 'java.lang.Object java.lang.invoke.DirectMethodHandle$Holder.newInvokeSpecial(java.lang.Object, java.lang.Object, java.lang.Object, long)'> (0x00000000eacce2e0) 
thrown [s\src\hotspot\share\interpreter\linkResolver.cpp, line 759]
Event: 3.724 Thread 0x00000239779be5d0 Exception <a 'java/lang/NoSuchMethodError'{0x00000000eacd2880}: 'java.lang.Object java.lang.invoke.DirectMethodHandle$Holder.invokeSpecial(java.lang.Object, java.lang.Object, java.lang.Object, java.lang.Object, long)'> (0x00000000eacd2880) 
thrown [s\src\hotspot\share\interpreter\linkResolver.cpp, line 759]
Event: 3.735 Thread 0x00000239779be5d0 Exception <a 'java/lang/NoSuchMethodError'{0x00000000ead24bb8}: 'int java.lang.invoke.DirectMethodHandle$Holder.invokeStaticInit(java.lang.Object, java.lang.Object, java.lang.Object)'> (0x00000000ead24bb8) 
thrown [s\src\hotspot\share\interpreter\linkResolver.cpp, line 759]
Event: 3.746 Thread 0x00000239779be5d0 Exception <a 'java/lang/IncompatibleClassChangeError'{0x00000000eadac1c8}: Found class java.lang.Object, but interface was expected> (0x00000000eadac1c8) 
thrown [s\src\hotspot\share\interpreter\linkResolver.cpp, line 826]
Event: 3.755 Thread 0x00000239779be5d0 Exception <a 'java/lang/NoSuchMethodError'{0x00000000eadc01e0}: 'java.lang.Object java.lang.invoke.DirectMethodHandle$Holder.invokeSpecial(java.lang.Object, java.lang.Object, java.lang.Object, int, java.lang.Object, java.lang.Object)'> (0x00000000eadc01e0) 
thrown [s\src\hotspot\share\interpreter\linkResolver.cpp, line 759]
Event: 3.757 Thread 0x00000239779be5d0 Exception <a 'java/lang/NoSuchMethodError'{0x00000000eadc8968}: 'java.lang.Object java.lang.invoke.DirectMethodHandle$Holder.newInvokeSpecial(java.lang.Object, java.lang.Object, java.lang.Object, int, java.lang.Object)'> (0x00000000eadc8968) 
thrown [s\src\hotspot\share\interpreter\linkResolver.cpp, line 759]
Event: 3.757 Thread 0x00000239779be5d0 Exception <a 'java/lang/NoSuchMethodError'{0x00000000eadccdc0}: 'java.lang.Object java.lang.invoke.DirectMethodHandle$Holder.invokeSpecial(java.lang.Object, java.lang.Object, java.lang.Object, java.lang.Object, int, java.lang.Object)'> (0x00000000eadccdc0) 
thrown [s\src\hotspot\share\interpreter\linkResolver.cpp, line 759]
Event: 3.759 Thread 0x00000239779e78b0 Exception <a 'java/lang/NoSuchMethodError'{0x00000000ead30930}: 'java.lang.Object java.lang.invoke.DirectMethodHandle$Holder.invokeSpecial(java.lang.Object, java.lang.Object, int, java.lang.Object, java.lang.Object)'> (0x00000000ead30930) 
thrown [s\src\hotspot\share\interpreter\linkResolver.cpp, line 759]
Event: 3.760 Thread 0x00000239779e78b0 Exception <a 'java/lang/NoSuchMethodError'{0x00000000ead38000}: 'java.lang.Object java.lang.invoke.DirectMethodHandle$Holder.newInvokeSpecial(java.lang.Object, java.lang.Object, int, java.lang.Object)'> (0x00000000ead38000) 
thrown [s\src\hotspot\share\interpreter\linkResolver.cpp, line 759]
Event: 3.761 Thread 0x00000239779e78b0 Exception <a 'java/lang/NoSuchMethodError'{0x00000000ead3bb10}: 'java.lang.Object java.lang.invoke.DirectMethodHandle$Holder.invokeSpecial(java.lang.Object, java.lang.Object, java.lang.Object, int, java.lang.Object)'> (0x00000000ead3bb10) 
thrown [s\src\hotspot\share\interpreter\linkResolver.cpp, line 759]
Event: 3.823 Thread 0x00000239779e78b0 Exception <a 'java/io/FileNotFoundException'{0x00000000eab75920}> (0x00000000eab75920) 
thrown [s\src\hotspot\share\prims\jni.cpp, line 516]

VM Operations (20 events):
Event: 2.662 Executing VM operation: HandshakeAllThreads
Event: 2.662 Executing VM operation: HandshakeAllThreads done
Event: 2.799 Executing VM operation: ParallelGCFailedAllocation
Event: 2.806 Executing VM operation: ParallelGCFailedAllocation done
Event: 3.272 Executing VM operation: HandshakeAllThreads
Event: 3.272 Executing VM operation: HandshakeAllThreads done
Event: 3.328 Executing VM operation: HandshakeAllThreads
Event: 3.328 Executing VM operation: HandshakeAllThreads done
Event: 3.331 Executing VM operation: HandshakeAllThreads
Event: 3.331 Executing VM operation: HandshakeAllThreads done
Event: 3.444 Executing VM operation: HandshakeAllThreads
Event: 3.444 Executing VM operation: HandshakeAllThreads done
Event: 3.650 Executing VM operation: ParallelGCFailedAllocation
Event: 3.656 Executing VM operation: ParallelGCFailedAllocation done
Event: 3.779 Executing VM operation: HandshakeAllThreads
Event: 3.779 Executing VM operation: HandshakeAllThreads done
Event: 3.787 Executing VM operation: CollectForMetadataAllocation
Event: 3.814 Executing VM operation: CollectForMetadataAllocation done
Event: 4.257 Executing VM operation: ParallelGCFailedAllocation
Event: 4.259 Executing VM operation: ParallelGCFailedAllocation done

Events (20 events):
Event: 3.875 loading class java/util/zip/DeflaterOutputStream done
Event: 3.875 loading class java/util/zip/GZIPOutputStream done
Event: 3.906 loading class java/io/StringReader
Event: 3.906 loading class java/io/StringReader done
Event: 3.913 loading class java/util/zip/GZIPInputStream
Event: 3.913 loading class java/util/zip/GZIPInputStream done
Event: 3.918 loading class java/net/SocketTimeoutException
Event: 3.918 loading class java/io/InterruptedIOException
Event: 3.918 loading class java/io/InterruptedIOException done
Event: 3.918 loading class java/net/SocketTimeoutException done
Event: 3.918 loading class java/net/SocketException
Event: 3.918 loading class java/net/SocketException done
Event: 3.918 loading class java/net/UnknownHostException
Event: 3.918 loading class java/net/UnknownHostException done
Event: 3.918 loading class java/net/ProtocolException
Event: 3.918 loading class java/net/ProtocolException done
Event: 3.954 loading class java/io/FileWriter
Event: 3.954 loading class java/io/FileWriter done
Event: 4.017 loading class java/lang/NegativeArraySizeException
Event: 4.018 loading class java/lang/NegativeArraySizeException done


Dynamic libraries:
0x00007ff70a570000 - 0x00007ff70a57e000 	c:\Users\Mateuszin DECRIA\.vscode\extensions\redhat.java-1.16.0-win32-x64\jre\17.0.6-win32-x86_64\bin\java.exe
0x00007ffd13470000 - 0x00007ffd13687000 	C:\WINDOWS\SYSTEM32\ntdll.dll
0x00007ffd11490000 - 0x00007ffd11554000 	C:\WINDOWS\System32\KERNEL32.DLL
0x00007ffd10940000 - 0x00007ffd10d12000 	C:\WINDOWS\System32\KERNELBASE.dll
0x00007ffd09d80000 - 0x00007ffd09e18000 	C:\WINDOWS\SYSTEM32\apphelp.dll
0x00007ffd10fb0000 - 0x00007ffd110c1000 	C:\WINDOWS\System32\ucrtbase.dll
0x00007ffce3f50000 - 0x00007ffce3f67000 	c:\Users\Mateuszin DECRIA\.vscode\extensions\redhat.java-1.16.0-win32-x64\jre\17.0.6-win32-x86_64\bin\jli.dll
0x00007ffd130b0000 - 0x00007ffd13261000 	C:\WINDOWS\System32\USER32.dll
0x00007ffd110d0000 - 0x00007ffd110f6000 	C:\WINDOWS\System32\win32u.dll
0x00007ffce2080000 - 0x00007ffce2099000 	c:\Users\Mateuszin DECRIA\.vscode\extensions\redhat.java-1.16.0-win32-x64\jre\17.0.6-win32-x86_64\bin\VCRUNTIME140.dll
0x00007ffd12f90000 - 0x00007ffd12fb9000 	C:\WINDOWS\System32\GDI32.dll
0x00007ffd106d0000 - 0x00007ffd107f3000 	C:\WINDOWS\System32\gdi32full.dll
0x00007ffd10e60000 - 0x00007ffd10efa000 	C:\WINDOWS\System32\msvcp_win.dll
0x00007ffcfa230000 - 0x00007ffcfa4cb000 	C:\WINDOWS\WinSxS\amd64_microsoft.windows.common-controls_6595b64144ccf1df_6.0.22621.5415_none_270d77d17387d7da\COMCTL32.dll
0x00007ffd13380000 - 0x00007ffd13427000 	C:\WINDOWS\System32\msvcrt.dll
0x00007ffd124a0000 - 0x00007ffd124d1000 	C:\WINDOWS\System32\IMM32.DLL
0x00007ffcf4600000 - 0x00007ffcf460c000 	c:\Users\Mateuszin DECRIA\.vscode\extensions\redhat.java-1.16.0-win32-x64\jre\17.0.6-win32-x86_64\bin\vcruntime140_1.dll
0x00007ffcdd210000 - 0x00007ffcdd2a1000 	c:\Users\Mateuszin DECRIA\.vscode\extensions\redhat.java-1.16.0-win32-x64\jre\17.0.6-win32-x86_64\bin\msvcp140.dll
0x00007ffc48240000 - 0x00007ffc48e87000 	c:\Users\Mateuszin DECRIA\.vscode\extensions\redhat.java-1.16.0-win32-x64\jre\17.0.6-win32-x86_64\bin\server\jvm.dll
0x00007ffd118e0000 - 0x00007ffd11991000 	C:\WINDOWS\System32\ADVAPI32.dll
0x00007ffd11120000 - 0x00007ffd111c8000 	C:\WINDOWS\System32\sechost.dll
0x00007ffd10f80000 - 0x00007ffd10fa8000 	C:\WINDOWS\System32\bcrypt.dll
0x00007ffd124e0000 - 0x00007ffd125f4000 	C:\WINDOWS\System32\RPCRT4.dll
0x00007ffd07a80000 - 0x00007ffd07a8a000 	C:\WINDOWS\SYSTEM32\VERSION.dll
0x00007ffd0b370000 - 0x00007ffd0b3a4000 	C:\WINDOWS\SYSTEM32\WINMM.dll
0x00007ffcecf00000 - 0x00007ffcecf09000 	C:\WINDOWS\SYSTEM32\WSOCK32.dll
0x00007ffd11a30000 - 0x00007ffd11aa1000 	C:\WINDOWS\System32\WS2_32.dll
0x00007ffd0f590000 - 0x00007ffd0f5a8000 	C:\WINDOWS\SYSTEM32\kernel.appcore.dll
0x00007ffcea1e0000 - 0x00007ffcea1ea000 	c:\Users\Mateuszin DECRIA\.vscode\extensions\redhat.java-1.16.0-win32-x64\jre\17.0.6-win32-x86_64\bin\jimage.dll
0x00007ffd0a040000 - 0x00007ffd0a273000 	C:\WINDOWS\SYSTEM32\DBGHELP.DLL
0x00007ffd12100000 - 0x00007ffd12493000 	C:\WINDOWS\System32\combase.dll
0x00007ffd12600000 - 0x00007ffd126d7000 	C:\WINDOWS\System32\OLEAUT32.dll
0x00007ffcf4610000 - 0x00007ffcf4642000 	C:\WINDOWS\SYSTEM32\dbgcore.DLL
0x00007ffd10d20000 - 0x00007ffd10d9b000 	C:\WINDOWS\System32\bcryptPrimitives.dll
0x00007ffcea0d0000 - 0x00007ffcea0de000 	c:\Users\Mateuszin DECRIA\.vscode\extensions\redhat.java-1.16.0-win32-x64\jre\17.0.6-win32-x86_64\bin\instrument.dll
0x00007ffcde710000 - 0x00007ffcde735000 	c:\Users\Mateuszin DECRIA\.vscode\extensions\redhat.java-1.16.0-win32-x64\jre\17.0.6-win32-x86_64\bin\java.dll
0x00007ffce0250000 - 0x00007ffce0268000 	c:\Users\Mateuszin DECRIA\.vscode\extensions\redhat.java-1.16.0-win32-x64\jre\17.0.6-win32-x86_64\bin\zip.dll
0x00007ffd126e0000 - 0x00007ffd12f82000 	C:\WINDOWS\System32\SHELL32.dll
0x00007ffd10800000 - 0x00007ffd1093f000 	C:\WINDOWS\System32\wintypes.dll
0x00007ffd0e490000 - 0x00007ffd0edae000 	C:\WINDOWS\SYSTEM32\windows.storage.dll
0x00007ffd13270000 - 0x00007ffd1337b000 	C:\WINDOWS\System32\SHCORE.dll
0x00007ffd11420000 - 0x00007ffd11489000 	C:\WINDOWS\System32\shlwapi.dll
0x00007ffd10490000 - 0x00007ffd104bb000 	C:\WINDOWS\SYSTEM32\profapi.dll
0x00007ffcdfd20000 - 0x00007ffcdfd39000 	C:\Users\Mateuszin DECRIA\.vscode\extensions\redhat.java-1.16.0-win32-x64\jre\17.0.6-win32-x86_64\bin\net.dll
0x00007ffd0ba10000 - 0x00007ffd0bb3c000 	C:\WINDOWS\SYSTEM32\WINHTTP.dll
0x00007ffd0fa10000 - 0x00007ffd0fa79000 	C:\WINDOWS\system32\mswsock.dll
0x00007ffcdee90000 - 0x00007ffcdeea5000 	C:\Users\Mateuszin DECRIA\.vscode\extensions\redhat.java-1.16.0-win32-x64\jre\17.0.6-win32-x86_64\bin\nio.dll
0x00007ffce6260000 - 0x00007ffce6270000 	c:\Users\Mateuszin DECRIA\.vscode\extensions\redhat.java-1.16.0-win32-x64\jre\17.0.6-win32-x86_64\bin\verify.dll
0x00007ffcde640000 - 0x00007ffcde67e000 	C:\Users\Mateuszin DECRIA\AppData\Roaming\Code\User\globalStorage\redhat.java\1.16.0\config_ss_win\org.eclipse.equinox.launcher\org.eclipse.equinox.launcher.win32.win32.x86_64_1.2.700.v20221108-1024\eclipse_11801.dll
0x00007ffd11680000 - 0x00007ffd11820000 	C:\WINDOWS\System32\ole32.dll

dbghelp: loaded successfully - version: 4.0.5 - missing functions: none
symbol engine: initialized successfully - sym options: 0x614 - pdb path: .;c:\Users\Mateuszin DECRIA\.vscode\extensions\redhat.java-1.16.0-win32-x64\jre\17.0.6-win32-x86_64\bin;C:\WINDOWS\SYSTEM32;C:\WINDOWS\WinSxS\amd64_microsoft.windows.common-controls_6595b64144ccf1df_6.0.22621.5415_none_270d77d17387d7da;c:\Users\Mateuszin DECRIA\.vscode\extensions\redhat.java-1.16.0-win32-x64\jre\17.0.6-win32-x86_64\bin\server;C:\Users\Mateuszin DECRIA\AppData\Roaming\Code\User\globalStorage\redhat.java\1.16.0\config_ss_win\org.eclipse.equinox.launcher\org.eclipse.equinox.launcher.win32.win32.x86_64_1.2.700.v20221108-1024

VM Arguments:
jvm_args: --add-modules=ALL-SYSTEM --add-opens=java.base/java.util=ALL-UNNAMED --add-opens=java.base/java.lang=ALL-UNNAMED --add-opens=java.base/sun.nio.fs=ALL-UNNAMED -Declipse.application=org.eclipse.jdt.ls.core.id1 -Dosgi.bundles.defaultStartLevel=4 -Declipse.product=org.eclipse.jdt.ls.core.product -Djava.import.generatesMetadataFilesAtProjectRoot=false -Dfile.encoding=utf8 -XX:+UseParallelGC -XX:GCTimeRatio=4 -XX:AdaptiveSizePolicyWeight=90 -Dsun.zip.disableMemoryMapping=true -Xmx1G -Xms100m -Xlog:disable -javaagent:c:\Users\Mateuszin DECRIA\.vscode\extensions\redhat.java-1.16.0-win32-x64\lombok\lombok-1.18.24.jar 
java_command: c:\Users\Mateuszin DECRIA\.vscode\extensions\redhat.java-1.16.0-win32-x64\server\plugins\org.eclipse.equinox.launcher_1.6.400.v20210924-0641.jar -configuration c:\Users\Mateuszin DECRIA\AppData\Roaming\Code\User\globalStorage\redhat.java\1.16.0\config_ss_win -data c:\Users\Mateuszin DECRIA\AppData\Roaming\Code\User\workspaceStorage\fcd16503787e29a287fb73595fca1e63\redhat.java\ss_ws
java_class_path (initial): c:\Users\Mateuszin DECRIA\.vscode\extensions\redhat.java-1.16.0-win32-x64\server\plugins\org.eclipse.equinox.launcher_1.6.400.v20210924-0641.jar
Launcher Type: SUN_STANDARD

[Global flags]
    uintx AdaptiveSizePolicyWeight                 = 90                                        {product} {command line}
     intx CICompilerCount                          = 4                                         {product} {ergonomic}
    uintx GCTimeRatio                              = 4                                         {product} {command line}
   size_t InitialHeapSize                          = 104857600                                 {product} {command line}
   size_t MaxHeapSize                              = 1073741824                                {product} {command line}
   size_t MaxNewSize                               = 357564416                                 {product} {ergonomic}
   size_t MinHeapDeltaBytes                        = 524288                                    {product} {ergonomic}
   size_t MinHeapSize                              = 104857600                                 {product} {command line}
   size_t NewSize                                  = 34603008                                  {product} {ergonomic}
    uintx NonNMethodCodeHeapSize                   = 5839372                                {pd product} {ergonomic}
    uintx NonProfiledCodeHeapSize                  = 122909434                              {pd product} {ergonomic}
   size_t OldSize                                  = 70254592                                  {product} {ergonomic}
    uintx ProfiledCodeHeapSize                     = 122909434                              {pd product} {ergonomic}
    uintx ReservedCodeCacheSize                    = 251658240                              {pd product} {ergonomic}
     bool SegmentedCodeCache                       = true                                      {product} {ergonomic}
   size_t SoftMaxHeapSize                          = 1073741824                             {manageable} {ergonomic}
     bool UseCompressedClassPointers               = true                           {product lp64_product} {ergonomic}
     bool UseCompressedOops                        = true                           {product lp64_product} {ergonomic}
     bool UseLargePagesIndividualAllocation        = false                                  {pd product} {ergonomic}
     bool UseParallelGC                            = true                                      {product} {command line}

Logging:
Log output configuration:
 #0: stdout all=off uptime,level,tags
 #1: stderr all=off uptime,level,tags

Environment Variables:
JAVA_HOME=C:\Program Files\Eclipse Adoptium\jre-8.0.345.1-hotspot\
PATH=C:\Program Files\Common Files\Oracle\Java\javapath;C:\Program Files\Eclipse Adoptium\jre-8.0.345.1-hotspot\bin;C:\Program Files\Eclipse Adoptium\jre-17.0.4.8-hotspot\bin;C:\Program Files\Eclipse Adoptium\jre-11.0.16.8-hotspot\bin;C:\WINDOWS\system32;C:\WINDOWS;C:\WINDOWS\System32\Wbem;C:\WINDOWS\System32\WindowsPowerShell\v1.0\;C:\WINDOWS\System32\OpenSSH\;C:\Program Files\dotnet\;C:\Program Files (x86)\Microsoft SQL Server\150\Tools\Binn\;C:\Program Files\Microsoft SQL Server\150\Tools\Binn\;C:\Program Files (x86)\Microsoft SQL Server\150\DTS\Binn\;C:\Program Files\Microsoft SQL Server\150\DTS\Binn\;C:\Program Files\Microsoft SQL Server\Client SDK\ODBC\170\Tools\Binn\;C:\Program Files\Azure Data Studio\bin;C:\Program Files\Git\cmd;C:\Users\Mateuszin DECRIA\AppData\Local\Programs\Python\Python311\Scripts\;C:\Users\Mateuszin DECRIA\AppData\Local\Programs\Python\Python311\;C:\Users\Mateuszin DECRIA\AppData\Local\Microsoft\WindowsApps;;C:\Users\Mateuszin DECRIA\AppData\Local\Programs\Microsoft VS Code\bin
USERNAME=Mateuszin DECRIA
OS=Windows_NT
PROCESSOR_IDENTIFIER=AMD64 Family 23 Model 104 Stepping 1, AuthenticAMD
TMP=C:\Users\MATEUS~1\AppData\Local\Temp
TEMP=C:\Users\MATEUS~1\AppData\Local\Temp



---------------  S Y S T E M  ---------------

OS:
 Windows 11 , 64 bit Build 22621 (10.0.22621.5415)
OS uptime: 0 days 3:51 hours

CPU: total 12 (initial active 12) (12 cores per cpu, 2 threads per core) family 23 model 104 stepping 1 microcode 0x0, cx8, cmov, fxsr, ht, mmx, 3dnowpref, sse, sse2, sse3, ssse3, sse4a, sse4.1, sse4.2, popcnt, lzcnt, tsc, tscinvbit, avx, avx2, aes, clmul, bmi1, bmi2, adx, sha, fma, vzeroupper, clflush, clflushopt

Memory: 4k page, system-wide physical 6005M (134M free)
TotalPageFile size 14005M (AvailPageFile size 1M)
current process WorkingSet (physical memory assigned to process): 116M, peak: 116M
current process commit charge ("private bytes"): 229M, peak: 229M

vm_info: OpenJDK 64-Bit Server VM (17.0.6+10) for windows-amd64 JRE (17.0.6+10), built on Jan 18 2023 10:08:59 by "temurin" with MS VC++ 16.7 (VS2019)

END.
